<?xml version="1.0" encoding="UTF-8"?>
<testsuite xmlns:xsi="http://www.w3.org/2001/XMLSchema-instance" xsi:noNamespaceSchemaLocation="https://maven.apache.org/surefire/maven-surefire-plugin/xsd/surefire-test-report-3.0.xsd" version="3.0" name="com.kel5.ecommerce.EcommerceApplicationTests" time="7.898" tests="1" errors="0" skipped="0" failures="0">
  <properties>
[...]
</properties>
  <testcase name="contextLoads" classname="com.kel5.ecommerce.EcommerceApplicationTests" time="0.523">
    <system-out><![CDATA[20:03:36.509 [main] INFO org.springframework.test.context.support.AnnotationConfigContextLoaderUtils -- Could not detect default configuration classes for test class [com.kel5.ecommerce.EcommerceApplicationTests]: EcommerceApplicationTests does not declare any static, non-private, non-final, nested classes annotated with @Configuration.
20:03:36.653 [main] INFO org.springframework.boot.test.context.SpringBootTestContextBootstrapper -- Found @SpringBootConfiguration com.kel5.ecommerce.EcommerceApplication for test class com.kel5.ecommerce.EcommerceApplicationTests

  .   ____          _            __ _ _
 /\\ / ___'_ __ _ _(_)_ __  __ _ \ \ \ \
( ( )\___ | '_ | '_| | '_ \/ _` | \ \ \ \
 \\/  ___)| |_)| | | | | || (_| |  ) ) ) )
  '  |____| .__|_| |_|_| |_\__, | / / / /
 =========|_|==============|___/=/_/_/_/
 :: Spring Boot ::                (v3.1.3)

2023-10-24T20:03:37.285+07:00  INFO 2160 --- [           main] c.k.ecommerce.EcommerceApplicationTests  : Starting EcommerceApplicationTests using Java 17.0.8 with PID 2160 (started by pinaa in C:\Users\ASUS\Downloads\Tugas_RPL-main\Tugas_RPL-main)
2023-10-24T20:03:37.287+07:00  INFO 2160 --- [           main] c.k.ecommerce.EcommerceApplicationTests  : No active profile set, falling back to 1 default profile: "default"
2023-10-24T20:03:37.288+07:00 DEBUG 2160 --- [           main] o.s.boot.SpringApplication               : Loading source class com.kel5.ecommerce.EcommerceApplication
2023-10-24T20:03:37.571+07:00 DEBUG 2160 --- [           main] o.s.w.c.s.GenericWebApplicationContext   : Refreshing org.springframework.web.context.support.GenericWebApplicationContext@443dbe42
2023-10-24T20:03:37.604+07:00 DEBUG 2160 --- [           main] o.s.b.f.s.DefaultListableBeanFactory     : Creating shared instance of singleton bean 'org.springframework.context.annotation.internalConfigurationAnnotationProcessor'
2023-10-24T20:03:37.624+07:00 DEBUG 2160 --- [           main] o.s.b.f.s.DefaultListableBeanFactory     : Creating shared instance of singleton bean 'org.springframework.boot.autoconfigure.internalCachingMetadataReaderFactory'
2023-10-24T20:03:37.696+07:00 DEBUG 2160 --- [           main] o.s.c.a.ClassPathBeanDefinitionScanner   : Identified candidate component class: file [C:\Users\ASUS\Downloads\Tugas_RPL-main\Tugas_RPL-main\target\classes\com\kel5\ecommerce\config\SpringSecurityConfig.class]
2023-10-24T20:03:37.697+07:00 DEBUG 2160 --- [           main] o.s.c.a.ClassPathBeanDefinitionScanner   : Identified candidate component class: file [C:\Users\ASUS\Downloads\Tugas_RPL-main\Tugas_RPL-main\target\classes\com\kel5\ecommerce\config\WebConfig.class]
2023-10-24T20:03:37.708+07:00 DEBUG 2160 --- [           main] o.s.c.a.ClassPathBeanDefinitionScanner   : Identified candidate component class: file [C:\Users\ASUS\Downloads\Tugas_RPL-main\Tugas_RPL-main\target\classes\com\kel5\ecommerce\controller\AdminController.class]
2023-10-24T20:03:37.713+07:00 DEBUG 2160 --- [           main] o.s.c.a.ClassPathBeanDefinitionScanner   : Identified candidate component class: file [C:\Users\ASUS\Downloads\Tugas_RPL-main\Tugas_RPL-main\target\classes\com\kel5\ecommerce\controller\LoginController.class]
2023-10-24T20:03:37.719+07:00 DEBUG 2160 --- [           main] o.s.c.a.ClassPathBeanDefinitionScanner   : Identified candidate component class: file [C:\Users\ASUS\Downloads\Tugas_RPL-main\Tugas_RPL-main\target\classes\com\kel5\ecommerce\controller\ProductController.class]
2023-10-24T20:03:37.721+07:00 DEBUG 2160 --- [           main] o.s.c.a.ClassPathBeanDefinitionScanner   : Identified candidate component class: file [C:\Users\ASUS\Downloads\Tugas_RPL-main\Tugas_RPL-main\target\classes\com\kel5\ecommerce\controller\UserController.class]
2023-10-24T20:03:37.743+07:00 DEBUG 2160 --- [           main] o.s.c.a.ClassPathBeanDefinitionScanner   : Ignored because not a concrete top-level class: file [C:\Users\ASUS\Downloads\Tugas_RPL-main\Tugas_RPL-main\target\classes\com\kel5\ecommerce\repository\ConfirmationTokenRepository.class]
2023-10-24T20:03:37.744+07:00 DEBUG 2160 --- [           main] o.s.c.a.ClassPathBeanDefinitionScanner   : Ignored because not a concrete top-level class: file [C:\Users\ASUS\Downloads\Tugas_RPL-main\Tugas_RPL-main\target\classes\com\kel5\ecommerce\repository\ImageRepository.class]
2023-10-24T20:03:37.745+07:00 DEBUG 2160 --- [           main] o.s.c.a.ClassPathBeanDefinitionScanner   : Ignored because not a concrete top-level class: file [C:\Users\ASUS\Downloads\Tugas_RPL-main\Tugas_RPL-main\target\classes\com\kel5\ecommerce\repository\RoleRepository.class]
2023-10-24T20:03:37.746+07:00 DEBUG 2160 --- [           main] o.s.c.a.ClassPathBeanDefinitionScanner   : Ignored because not a concrete top-level class: file [C:\Users\ASUS\Downloads\Tugas_RPL-main\Tugas_RPL-main\target\classes\com\kel5\ecommerce\repository\UserRepository.class]
2023-10-24T20:03:37.747+07:00 DEBUG 2160 --- [           main] o.s.c.a.ClassPathBeanDefinitionScanner   : Identified candidate component class: file [C:\Users\ASUS\Downloads\Tugas_RPL-main\Tugas_RPL-main\target\classes\com\kel5\ecommerce\service\CustomUserDetailsService.class]
2023-10-24T20:03:37.749+07:00 DEBUG 2160 --- [           main] o.s.c.a.ClassPathBeanDefinitionScanner   : Identified candidate component class: file [C:\Users\ASUS\Downloads\Tugas_RPL-main\Tugas_RPL-main\target\classes\com\kel5\ecommerce\service\EmailService.class]
2023-10-24T20:03:37.750+07:00 DEBUG 2160 --- [           main] o.s.c.a.ClassPathBeanDefinitionScanner   : Ignored because not a concrete top-level class: file [C:\Users\ASUS\Downloads\Tugas_RPL-main\Tugas_RPL-main\target\classes\com\kel5\ecommerce\service\ImageService.class]
2023-10-24T20:03:37.750+07:00 DEBUG 2160 --- [           main] o.s.c.a.ClassPathBeanDefinitionScanner   : Identified candidate component class: file [C:\Users\ASUS\Downloads\Tugas_RPL-main\Tugas_RPL-main\target\classes\com\kel5\ecommerce\service\impl\ImageServiceImpl.class]
2023-10-24T20:03:37.752+07:00 DEBUG 2160 --- [           main] o.s.c.a.ClassPathBeanDefinitionScanner   : Identified candidate component class: file [C:\Users\ASUS\Downloads\Tugas_RPL-main\Tugas_RPL-main\target\classes\com\kel5\ecommerce\service\impl\ProductServiceImpl.class]
2023-10-24T20:03:37.753+07:00 DEBUG 2160 --- [           main] o.s.c.a.ClassPathBeanDefinitionScanner   : Identified candidate component class: file [C:\Users\ASUS\Downloads\Tugas_RPL-main\Tugas_RPL-main\target\classes\com\kel5\ecommerce\service\impl\UserServiceImpl.class]
2023-10-24T20:03:38.803+07:00  INFO 2160 --- [           main] .s.d.r.c.RepositoryConfigurationDelegate : Bootstrapping Spring Data JPA repositories in DEFAULT mode.
2023-10-24T20:03:38.816+07:00 DEBUG 2160 --- [           main] o.s.b.f.s.DefaultListableBeanFactory     : Creating shared instance of singleton bean 'org.springframework.boot.autoconfigure.AutoConfigurationPackages'
2023-10-24T20:03:38.828+07:00 DEBUG 2160 --- [           main] o.s.b.a.AutoConfigurationPackages        : @EnableAutoConfiguration was declared on a class in the package 'com.kel5.ecommerce'. Automatic @Repository and @Entity scanning is enabled.
2023-10-24T20:03:38.829+07:00 DEBUG 2160 --- [           main] .s.d.r.c.RepositoryConfigurationDelegate : Scanning for JPA repositories in packages com.kel5.ecommerce.
2023-10-24T20:03:38.843+07:00 DEBUG 2160 --- [           main] o.s.d.r.c.RepositoryComponentProvider    : Identified candidate component class: file [C:\Users\ASUS\Downloads\Tugas_RPL-main\Tugas_RPL-main\target\classes\com\kel5\ecommerce\repository\ConfirmationTokenRepository.class]
2023-10-24T20:03:38.843+07:00 DEBUG 2160 --- [           main] o.s.d.r.c.RepositoryComponentProvider    : Identified candidate component class: file [C:\Users\ASUS\Downloads\Tugas_RPL-main\Tugas_RPL-main\target\classes\com\kel5\ecommerce\repository\ImageRepository.class]
2023-10-24T20:03:38.843+07:00 DEBUG 2160 --- [           main] o.s.d.r.c.RepositoryComponentProvider    : Identified candidate component class: file [C:\Users\ASUS\Downloads\Tugas_RPL-main\Tugas_RPL-main\target\classes\com\kel5\ecommerce\repository\ProductRepository.class]
2023-10-24T20:03:38.843+07:00 DEBUG 2160 --- [           main] o.s.d.r.c.RepositoryComponentProvider    : Identified candidate component class: file [C:\Users\ASUS\Downloads\Tugas_RPL-main\Tugas_RPL-main\target\classes\com\kel5\ecommerce\repository\RoleRepository.class]
2023-10-24T20:03:38.843+07:00 DEBUG 2160 --- [           main] o.s.d.r.c.RepositoryComponentProvider    : Identified candidate component class: file [C:\Users\ASUS\Downloads\Tugas_RPL-main\Tugas_RPL-main\target\classes\com\kel5\ecommerce\repository\UserRepository.class]
2023-10-24T20:03:38.901+07:00 DEBUG 2160 --- [           main] ssPathScanningCandidateComponentProvider : Identified candidate component class: file [C:\Users\ASUS\Downloads\Tugas_RPL-main\Tugas_RPL-main\target\classes\com\kel5\ecommerce\service\impl\ImageServiceImpl.class]
2023-10-24T20:03:38.901+07:00 DEBUG 2160 --- [           main] ssPathScanningCandidateComponentProvider : Identified candidate component class: file [C:\Users\ASUS\Downloads\Tugas_RPL-main\Tugas_RPL-main\target\classes\com\kel5\ecommerce\service\impl\ProductServiceImpl.class]
2023-10-24T20:03:38.901+07:00 DEBUG 2160 --- [           main] ssPathScanningCandidateComponentProvider : Identified candidate component class: file [C:\Users\ASUS\Downloads\Tugas_RPL-main\Tugas_RPL-main\target\classes\com\kel5\ecommerce\service\impl\UserServiceImpl.class]
2023-10-24T20:03:38.923+07:00  INFO 2160 --- [           main] .s.d.r.c.RepositoryConfigurationDelegate : Finished Spring Data repository scanning in 94 ms. Found 5 JPA repository interfaces.
2023-10-24T20:03:39.174+07:00 DEBUG 2160 --- [           main] o.s.b.f.s.DefaultListableBeanFactory     : Creating shared instance of singleton bean 'propertySourcesPlaceholderConfigurer'
2023-10-24T20:03:39.180+07:00 DEBUG 2160 --- [           main] o.s.b.f.s.DefaultListableBeanFactory     : Creating shared instance of singleton bean 'org.springframework.boot.test.mock.mockito.MockitoPostProcessor'
2023-10-24T20:03:39.181+07:00 DEBUG 2160 --- [           main] o.s.b.f.s.DefaultListableBeanFactory     : Creating shared instance of singleton bean 'emBeanDefinitionRegistrarPostProcessor'
2023-10-24T20:03:39.181+07:00 DEBUG 2160 --- [           main] o.s.b.f.s.DefaultListableBeanFactory     : Creating shared instance of singleton bean 'org.springframework.boot.sql.init.dependency.DatabaseInitializationDependencyConfigurer$DependsOnDatabaseInitializationPostProcessor'
2023-10-24T20:03:39.265+07:00 DEBUG 2160 --- [           main] o.s.b.f.s.DefaultListableBeanFactory     : Creating shared instance of singleton bean 'org.springframework.context.event.internalEventListenerProcessor'
2023-10-24T20:03:39.266+07:00 DEBUG 2160 --- [           main] o.s.b.f.s.DefaultListableBeanFactory     : Creating shared instance of singleton bean 'conversionServicePostProcessor'
2023-10-24T20:03:39.293+07:00 DEBUG 2160 --- [           main] o.s.b.f.s.DefaultListableBeanFactory     : Creating shared instance of singleton bean 'preserveErrorControllerTargetClassPostProcessor'
2023-10-24T20:03:39.295+07:00 DEBUG 2160 --- [           main] o.s.b.f.s.DefaultListableBeanFactory     : Creating shared instance of singleton bean 'org.springframework.context.event.internalEventListenerFactory'
2023-10-24T20:03:39.295+07:00 DEBUG 2160 --- [           main] o.s.b.f.s.DefaultListableBeanFactory     : Creating shared instance of singleton bean 'org.springframework.transaction.config.internalTransactionalEventListenerFactory'
2023-10-24T20:03:39.300+07:00 DEBUG 2160 --- [           main] o.s.b.f.s.DefaultListableBeanFactory     : Creating shared instance of singleton bean 'org.springframework.boot.test.mock.mockito.MockitoPostProcessor$SpyPostProcessor'
2023-10-24T20:03:39.302+07:00 DEBUG 2160 --- [           main] o.s.b.f.s.DefaultListableBeanFactory     : Creating shared instance of singleton bean 'org.springframework.context.annotation.internalAutowiredAnnotationProcessor'
2023-10-24T20:03:39.304+07:00 DEBUG 2160 --- [           main] o.s.b.f.s.DefaultListableBeanFactory     : Creating shared instance of singleton bean 'org.springframework.context.annotation.internalCommonAnnotationProcessor'
2023-10-24T20:03:39.310+07:00 DEBUG 2160 --- [           main] o.s.b.f.s.DefaultListableBeanFactory     : Creating shared instance of singleton bean 'org.springframework.context.annotation.internalPersistenceAnnotationProcessor'
2023-10-24T20:03:39.310+07:00 DEBUG 2160 --- [           main] o.s.b.f.s.DefaultListableBeanFactory     : Creating shared instance of singleton bean 'org.springframework.boot.context.properties.ConfigurationPropertiesBindingPostProcessor'
2023-10-24T20:03:39.310+07:00 DEBUG 2160 --- [           main] o.s.b.f.s.DefaultListableBeanFactory     : Creating shared instance of singleton bean 'org.springframework.boot.context.internalConfigurationPropertiesBinder'
2023-10-24T20:03:39.314+07:00 DEBUG 2160 --- [           main] o.s.b.f.s.DefaultListableBeanFactory     : Creating shared instance of singleton bean 'jdbcConnectionDetailsHikariBeanPostProcessor'
2023-10-24T20:03:39.318+07:00 DEBUG 2160 --- [           main] o.s.b.f.s.DefaultListableBeanFactory     : Creating shared instance of singleton bean 'methodValidationPostProcessor'
2023-10-24T20:03:39.336+07:00 DEBUG 2160 --- [           main] o.s.b.f.s.DefaultListableBeanFactory     : Autowiring by type from bean name 'methodValidationPostProcessor' via factory method to bean named 'environment'
2023-10-24T20:03:39.339+07:00 DEBUG 2160 --- [           main] o.s.b.f.s.DefaultListableBeanFactory     : Creating shared instance of singleton bean 'org.springframework.boot.context.properties.EnableConfigurationPropertiesRegistrar.methodValidationExcludeFilter'
2023-10-24T20:03:39.362+07:00 DEBUG 2160 --- [           main] o.s.b.f.s.DefaultListableBeanFactory     : Creating shared instance of singleton bean 'org.springframework.aop.config.internalAutoProxyCreator'
2023-10-24T20:03:39.385+07:00 DEBUG 2160 --- [           main] o.s.b.f.s.DefaultListableBeanFactory     : Creating shared instance of singleton bean 'persistenceExceptionTranslationPostProcessor'
2023-10-24T20:03:39.386+07:00 DEBUG 2160 --- [           main] o.s.b.f.s.DefaultListableBeanFactory     : Autowiring by type from bean name 'persistenceExceptionTranslationPostProcessor' via factory method to bean named 'environment'
2023-10-24T20:03:39.389+07:00 DEBUG 2160 --- [           main] o.s.b.f.s.DefaultListableBeanFactory     : Creating shared instance of singleton bean 'webServerFactoryCustomizerBeanPostProcessor'
2023-10-24T20:03:39.391+07:00 DEBUG 2160 --- [           main] o.s.b.f.s.DefaultListableBeanFactory     : Creating shared instance of singleton bean 'errorPageRegistrarBeanPostProcessor'
2023-10-24T20:03:39.392+07:00 DEBUG 2160 --- [           main] o.s.b.f.s.DefaultListableBeanFactory     : Creating shared instance of singleton bean 'healthEndpointGroupsBeanPostProcessor'
2023-10-24T20:03:39.394+07:00 DEBUG 2160 --- [           main] o.s.b.f.s.DefaultListableBeanFactory     : Creating shared instance of singleton bean 'org.springframework.transaction.config.internalTransactionAdvisor'
2023-10-24T20:03:39.394+07:00 DEBUG 2160 --- [           main] o.s.b.f.s.DefaultListableBeanFactory     : Creating shared instance of singleton bean 'org.springframework.transaction.annotation.ProxyTransactionManagementConfiguration'
2023-10-24T20:03:39.408+07:00 DEBUG 2160 --- [           main] o.s.b.f.s.DefaultListableBeanFactory     : Creating shared instance of singleton bean 'transactionAttributeSource'
2023-10-24T20:03:39.410+07:00 DEBUG 2160 --- [           main] o.s.b.f.s.DefaultListableBeanFactory     : Creating shared instance of singleton bean 'transactionInterceptor'
2023-10-24T20:03:39.411+07:00 DEBUG 2160 --- [           main] o.s.b.f.s.DefaultListableBeanFactory     : Autowiring by type from bean name 'transactionInterceptor' via factory method to bean named 'transactionAttributeSource'
2023-10-24T20:03:39.419+07:00 DEBUG 2160 --- [           main] o.s.b.f.s.DefaultListableBeanFactory     : Autowiring by type from bean name 'org.springframework.transaction.config.internalTransactionAdvisor' via factory method to bean named 'transactionAttributeSource'
2023-10-24T20:03:39.419+07:00 DEBUG 2160 --- [           main] o.s.b.f.s.DefaultListableBeanFactory     : Autowiring by type from bean name 'org.springframework.transaction.config.internalTransactionAdvisor' via factory method to bean named 'transactionInterceptor'
2023-10-24T20:03:39.425+07:00 DEBUG 2160 --- [           main] o.s.b.f.s.DefaultListableBeanFactory     : Creating shared instance of singleton bean 'meterRegistryPostProcessor'
2023-10-24T20:03:39.427+07:00 DEBUG 2160 --- [           main] o.s.b.f.s.DefaultListableBeanFactory     : Autowiring by type from bean name 'meterRegistryPostProcessor' via factory method to bean named 'org.springframework.web.context.support.GenericWebApplicationContext@443dbe42'
2023-10-24T20:03:39.430+07:00 DEBUG 2160 --- [           main] o.s.b.f.s.DefaultListableBeanFactory     : Creating shared instance of singleton bean 'metricsRepositoryMethodInvocationListenerBeanPostProcessor'
2023-10-24T20:03:39.431+07:00 DEBUG 2160 --- [           main] o.s.b.f.s.DefaultListableBeanFactory     : Creating shared instance of singleton bean 'observationRegistryPostProcessor'
2023-10-24T20:03:39.434+07:00 DEBUG 2160 --- [           main] o.s.b.f.s.DefaultListableBeanFactory     : Creating shared instance of singleton bean 'projectingArgumentResolverBeanPostProcessor'
2023-10-24T20:03:39.458+07:00 DEBUG 2160 --- [           main] o.s.u.c.s.UiApplicationContextUtils      : Unable to locate ThemeSource with name 'themeSource': using default [org.springframework.ui.context.support.ResourceBundleThemeSource@8f40022]
2023-10-24T20:03:39.458+07:00 DEBUG 2160 --- [           main] o.s.b.f.s.DefaultListableBeanFactory     : Creating shared instance of singleton bean 'dataSourceScriptDatabaseInitializer'
2023-10-24T20:03:39.458+07:00 DEBUG 2160 --- [           main] o.s.b.f.s.DefaultListableBeanFactory     : Creating shared instance of singleton bean 'org.springframework.boot.autoconfigure.sql.init.DataSourceInitializationConfiguration'
2023-10-24T20:03:39.476+07:00 DEBUG 2160 --- [           main] o.s.b.f.s.DefaultListableBeanFactory     : Creating shared instance of singleton bean 'dataSource'
2023-10-24T20:03:39.476+07:00 DEBUG 2160 --- [           main] o.s.b.f.s.DefaultListableBeanFactory     : Creating shared instance of singleton bean 'org.springframework.boot.autoconfigure.jdbc.DataSourceConfiguration$Hikari'
2023-10-24T20:03:39.477+07:00 DEBUG 2160 --- [           main] o.s.b.f.s.DefaultListableBeanFactory     : Creating shared instance of singleton bean 'spring.datasource-org.springframework.boot.autoconfigure.jdbc.DataSourceProperties'
2023-10-24T20:03:39.479+07:00 DEBUG 2160 --- [           main] o.s.b.f.s.DefaultListableBeanFactory     : Creating shared instance of singleton bean 'org.springframework.boot.context.properties.BoundConfigurationProperties'
2023-10-24T20:03:39.502+07:00 DEBUG 2160 --- [           main] o.s.b.f.s.DefaultListableBeanFactory     : Creating shared instance of singleton bean 'jdbcConnectionDetails'
2023-10-24T20:03:39.503+07:00 DEBUG 2160 --- [           main] o.s.b.f.s.DefaultListableBeanFactory     : Creating shared instance of singleton bean 'org.springframework.boot.autoconfigure.jdbc.DataSourceAutoConfiguration$PooledDataSourceConfiguration'
2023-10-24T20:03:39.504+07:00 DEBUG 2160 --- [           main] o.s.b.f.s.DefaultListableBeanFactory     : Autowiring by type from bean name 'jdbcConnectionDetails' via factory method to bean named 'spring.datasource-org.springframework.boot.autoconfigure.jdbc.DataSourceProperties'
2023-10-24T20:03:39.505+07:00 DEBUG 2160 --- [           main] o.s.b.f.s.DefaultListableBeanFactory     : Autowiring by type from bean name 'dataSource' via factory method to bean named 'spring.datasource-org.springframework.boot.autoconfigure.jdbc.DataSourceProperties'
2023-10-24T20:03:39.506+07:00 DEBUG 2160 --- [           main] o.s.b.f.s.DefaultListableBeanFactory     : Autowiring by type from bean name 'dataSource' via factory method to bean named 'jdbcConnectionDetails'
2023-10-24T20:03:39.537+07:00 DEBUG 2160 --- [           main] o.s.b.f.s.DefaultListableBeanFactory     : Creating shared instance of singleton bean 'spring.sql.init-org.springframework.boot.autoconfigure.sql.init.SqlInitializationProperties'
2023-10-24T20:03:39.540+07:00 DEBUG 2160 --- [           main] o.s.b.f.s.DefaultListableBeanFactory     : Autowiring by type from bean name 'dataSourceScriptDatabaseInitializer' via factory method to bean named 'dataSource'
2023-10-24T20:03:39.540+07:00 DEBUG 2160 --- [           main] o.s.b.f.s.DefaultListableBeanFactory     : Autowiring by type from bean name 'dataSourceScriptDatabaseInitializer' via factory method to bean named 'spring.sql.init-org.springframework.boot.autoconfigure.sql.init.SqlInitializationProperties'
2023-10-24T20:03:39.546+07:00 DEBUG 2160 --- [           main] o.s.b.f.s.DefaultListableBeanFactory     : Creating shared instance of singleton bean 'entityManagerFactory'
2023-10-24T20:03:39.546+07:00 DEBUG 2160 --- [           main] o.s.b.f.s.DefaultListableBeanFactory     : Creating shared instance of singleton bean 'org.springframework.boot.autoconfigure.orm.jpa.HibernateJpaConfiguration'
2023-10-24T20:03:39.548+07:00 DEBUG 2160 --- [           main] o.s.b.f.s.DefaultListableBeanFactory     : Creating shared instance of singleton bean 'spring.jpa-org.springframework.boot.autoconfigure.orm.jpa.JpaProperties'
2023-10-24T20:03:39.553+07:00 DEBUG 2160 --- [           main] o.s.b.f.s.DefaultListableBeanFactory     : Creating shared instance of singleton bean 'spring.jpa.hibernate-org.springframework.boot.autoconfigure.orm.jpa.HibernateProperties'
2023-10-24T20:03:39.555+07:00 DEBUG 2160 --- [           main] o.s.b.f.s.DefaultListableBeanFactory     : Autowiring by type from bean name 'org.springframework.boot.autoconfigure.orm.jpa.HibernateJpaConfiguration' via constructor to bean named 'dataSource'
2023-10-24T20:03:39.555+07:00 DEBUG 2160 --- [           main] o.s.b.f.s.DefaultListableBeanFactory     : Autowiring by type from bean name 'org.springframework.boot.autoconfigure.orm.jpa.HibernateJpaConfiguration' via constructor to bean named 'spring.jpa-org.springframework.boot.autoconfigure.orm.jpa.JpaProperties'
2023-10-24T20:03:39.555+07:00 DEBUG 2160 --- [           main] o.s.b.f.s.DefaultListableBeanFactory     : Autowiring by type from bean name 'org.springframework.boot.autoconfigure.orm.jpa.HibernateJpaConfiguration' via constructor to bean named 'org.springframework.beans.factory.support.DefaultListableBeanFactory@5bdaf2ce'
2023-10-24T20:03:39.555+07:00 DEBUG 2160 --- [           main] o.s.b.f.s.DefaultListableBeanFactory     : Autowiring by type from bean name 'org.springframework.boot.autoconfigure.orm.jpa.HibernateJpaConfiguration' via constructor to bean named 'spring.jpa.hibernate-org.springframework.boot.autoconfigure.orm.jpa.HibernateProperties'
2023-10-24T20:03:39.558+07:00 DEBUG 2160 --- [           main] o.s.b.f.s.DefaultListableBeanFactory     : Creating shared instance of singleton bean 'hikariPoolDataSourceMetadataProvider'
2023-10-24T20:03:39.558+07:00 DEBUG 2160 --- [           main] o.s.b.f.s.DefaultListableBeanFactory     : Creating shared instance of singleton bean 'org.springframework.boot.autoconfigure.jdbc.metadata.DataSourcePoolMetadataProvidersConfiguration$HikariPoolDataSourceMetadataProviderConfiguration'
2023-10-24T20:03:39.565+07:00 DEBUG 2160 --- [           main] o.s.b.f.s.DefaultListableBeanFactory     : Creating shared instance of singleton bean 'entityManagerFactoryBuilder'
2023-10-24T20:03:39.567+07:00 DEBUG 2160 --- [           main] o.s.b.f.s.DefaultListableBeanFactory     : Creating shared instance of singleton bean 'jpaVendorAdapter'
2023-10-24T20:03:39.586+07:00 DEBUG 2160 --- [           main] o.s.b.f.s.DefaultListableBeanFactory     : Autowiring by type from bean name 'entityManagerFactoryBuilder' via factory method to bean named 'jpaVendorAdapter'
2023-10-24T20:03:39.590+07:00 DEBUG 2160 --- [           main] o.s.b.f.s.DefaultListableBeanFactory     : Creating shared instance of singleton bean 'persistenceManagedTypes'
2023-10-24T20:03:39.591+07:00 DEBUG 2160 --- [           main] o.s.b.f.s.DefaultListableBeanFactory     : Autowiring by type from bean name 'persistenceManagedTypes' via factory method to bean named 'org.springframework.beans.factory.support.DefaultListableBeanFactory@5bdaf2ce'
2023-10-24T20:03:39.591+07:00 DEBUG 2160 --- [           main] o.s.b.f.s.DefaultListableBeanFactory     : Autowiring by type from bean name 'persistenceManagedTypes' via factory method to bean named 'org.springframework.web.context.support.GenericWebApplicationContext@443dbe42'
2023-10-24T20:03:39.602+07:00 DEBUG 2160 --- [           main] o.s.b.f.s.DefaultListableBeanFactory     : Autowiring by type from bean name 'entityManagerFactory' via factory method to bean named 'entityManagerFactoryBuilder'
2023-10-24T20:03:39.603+07:00 DEBUG 2160 --- [           main] o.s.b.f.s.DefaultListableBeanFactory     : Autowiring by type from bean name 'entityManagerFactory' via factory method to bean named 'persistenceManagedTypes'
2023-10-24T20:03:39.622+07:00 DEBUG 2160 --- [           main] j.LocalContainerEntityManagerFactoryBean : Building JPA container EntityManagerFactory for persistence unit 'default'
2023-10-24T20:03:39.644+07:00  INFO 2160 --- [           main] o.hibernate.jpa.internal.util.LogHelper  : HHH000204: Processing PersistenceUnitInfo [name: default]
2023-10-24T20:03:39.752+07:00  INFO 2160 --- [           main] org.hibernate.Version                    : HHH000412: Hibernate ORM core version 6.2.7.Final
2023-10-24T20:03:39.752+07:00  INFO 2160 --- [           main] org.hibernate.cfg.Environment            : HHH000406: Using bytecode reflection optimizer
2023-10-24T20:03:39.981+07:00  INFO 2160 --- [           main] o.h.b.i.BytecodeProviderInitiator        : HHH000021: Bytecode provider name : bytebuddy
2023-10-24T20:03:40.156+07:00  INFO 2160 --- [           main] o.s.o.j.p.SpringPersistenceUnitInfo      : No LoadTimeWeaver setup: ignoring JPA class transformer
2023-10-24T20:03:40.183+07:00  INFO 2160 --- [           main] com.zaxxer.hikari.HikariDataSource       : HikariPool-1 - Starting...
2023-10-24T20:03:40.408+07:00  INFO 2160 --- [           main] com.zaxxer.hikari.pool.HikariPool        : HikariPool-1 - Added connection com.mysql.cj.jdbc.ConnectionImpl@74764622
2023-10-24T20:03:40.412+07:00  INFO 2160 --- [           main] com.zaxxer.hikari.HikariDataSource       : HikariPool-1 - Start completed.
2023-10-24T20:03:40.484+07:00  WARN 2160 --- [           main] org.hibernate.dialect.Dialect            : HHH000511: The 5.5.0 version for [org.hibernate.dialect.MySQLDialect] is no longer supported, hence certain features may not work properly. The minimum supported version is 5.7.0. Check the community dialects project for available legacy versions.
2023-10-24T20:03:40.830+07:00  INFO 2160 --- [           main] o.h.b.i.BytecodeProviderInitiator        : HHH000021: Bytecode provider name : bytebuddy
2023-10-24T20:03:41.604+07:00  INFO 2160 --- [           main] o.h.e.t.j.p.i.JtaPlatformInitiator       : HHH000490: Using JtaPlatform implementation: [org.hibernate.engine.transaction.jta.platform.internal.NoJtaPlatform]
2023-10-24T20:03:41.703+07:00 DEBUG 2160 --- [           main] org.hibernate.SQL                        : 
    alter table confirmation_token 
       modify column created_date  datetime(6)
2023-10-24T20:03:41.722+07:00 DEBUG 2160 --- [           main] org.hibernate.SQL                        : 
    alter table image_table 
       modify column date  datetime(6)
2023-10-24T20:03:41.736+07:00 DEBUG 2160 --- [           main] org.hibernate.SQL                        : 
    alter table products 
       modify column berat  float(53) not null
2023-10-24T20:03:41.754+07:00 DEBUG 2160 --- [           main] org.hibernate.SQL                        : 
    alter table products 
       modify column created_on  datetime(6) not null
2023-10-24T20:03:41.772+07:00 DEBUG 2160 --- [           main] org.hibernate.SQL                        : 
    alter table products 
       modify column harga  float(53) not null
2023-10-24T20:03:41.791+07:00 DEBUG 2160 --- [           main] org.hibernate.SQL                        : 
    alter table products 
       modify column updated_on  datetime(6)
2023-10-24T20:03:41.805+07:00 DEBUG 2160 --- [           main] org.hibernate.SQL                        : 
    alter table users 
       modify column created_at  datetime(6) not null
2023-10-24T20:03:41.819+07:00 DEBUG 2160 --- [           main] org.hibernate.SQL                        : 
    alter table users 
       modify column updated_at  datetime(6) not null
2023-10-24T20:03:41.865+07:00  INFO 2160 --- [           main] j.LocalContainerEntityManagerFactoryBean : Initialized JPA EntityManagerFactory for persistence unit 'default'
2023-10-24T20:03:41.869+07:00 DEBUG 2160 --- [           main] o.s.b.f.s.DefaultListableBeanFactory     : Creating shared instance of singleton bean 'ecommerceApplication'
2023-10-24T20:03:41.871+07:00 DEBUG 2160 --- [           main] o.s.b.f.s.DefaultListableBeanFactory     : Creating shared instance of singleton bean 'springSecurityConfig'
2023-10-24T20:03:41.872+07:00 DEBUG 2160 --- [           main] o.s.b.f.s.DefaultListableBeanFactory     : Creating shared instance of singleton bean 'webConfig'
2023-10-24T20:03:41.872+07:00 DEBUG 2160 --- [           main] o.s.b.f.s.DefaultListableBeanFactory     : Creating shared instance of singleton bean 'adminController'
2023-10-24T20:03:41.876+07:00 DEBUG 2160 --- [           main] o.s.b.f.s.DefaultListableBeanFactory     : Creating shared instance of singleton bean 'userServiceImpl'
2023-10-24T20:03:41.878+07:00 DEBUG 2160 --- [           main] o.s.b.f.s.DefaultListableBeanFactory     : Creating shared instance of singleton bean 'userRepository'
2023-10-24T20:03:41.887+07:00 DEBUG 2160 --- [           main] o.s.b.f.s.DefaultListableBeanFactory     : Creating shared instance of singleton bean 'jpa.named-queries#1'
2023-10-24T20:03:41.889+07:00 DEBUG 2160 --- [           main] o.s.b.f.s.DefaultListableBeanFactory     : Creating shared instance of singleton bean 'jpa.UserRepository.fragments#0'
2023-10-24T20:03:41.894+07:00 DEBUG 2160 --- [           main] o.s.b.f.s.DefaultListableBeanFactory     : Creating shared instance of singleton bean 'jpaSharedEM_entityManagerFactory'
2023-10-24T20:03:41.918+07:00 DEBUG 2160 --- [           main] o.s.b.f.s.DefaultListableBeanFactory     : Creating shared instance of singleton bean 'jpaMappingContext'
2023-10-24T20:03:41.918+07:00 DEBUG 2160 --- [           main] .c.JpaMetamodelMappingContextFactoryBean : Initializing JpaMetamodelMappingContext…
2023-10-24T20:03:41.934+07:00 DEBUG 2160 --- [           main] .c.JpaMetamodelMappingContextFactoryBean : Finished initializing JpaMetamodelMappingContext
2023-10-24T20:03:41.954+07:00 DEBUG 2160 --- [           main] tor$SharedEntityManagerInvocationHandler : Creating new EntityManager for shared EntityManager invocation
2023-10-24T20:03:41.986+07:00 DEBUG 2160 --- [           main] tor$SharedEntityManagerInvocationHandler : Creating new EntityManager for shared EntityManager invocation
2023-10-24T20:03:41.990+07:00 DEBUG 2160 --- [           main] o.s.b.f.s.DefaultListableBeanFactory     : Creating shared instance of singleton bean 'metricsRepositoryMethodInvocationListener'
2023-10-24T20:03:41.990+07:00 DEBUG 2160 --- [           main] o.s.b.f.s.DefaultListableBeanFactory     : Creating shared instance of singleton bean 'org.springframework.boot.actuate.autoconfigure.metrics.data.RepositoryMetricsAutoConfiguration'
2023-10-24T20:03:41.990+07:00 DEBUG 2160 --- [           main] o.s.b.f.s.DefaultListableBeanFactory     : Creating shared instance of singleton bean 'management.metrics-org.springframework.boot.actuate.autoconfigure.metrics.MetricsProperties'
2023-10-24T20:03:41.993+07:00 DEBUG 2160 --- [           main] o.s.b.f.s.DefaultListableBeanFactory     : Autowiring by type from bean name 'org.springframework.boot.actuate.autoconfigure.metrics.data.RepositoryMetricsAutoConfiguration' via constructor to bean named 'management.metrics-org.springframework.boot.actuate.autoconfigure.metrics.MetricsProperties'
2023-10-24T20:03:41.995+07:00 DEBUG 2160 --- [           main] o.s.b.f.s.DefaultListableBeanFactory     : Creating shared instance of singleton bean 'repositoryTagsProvider'
2023-10-24T20:03:41.997+07:00 DEBUG 2160 --- [           main] o.s.b.f.s.DefaultListableBeanFactory     : Autowiring by type from bean name 'metricsRepositoryMethodInvocationListener' via factory method to bean named 'repositoryTagsProvider'
2023-10-24T20:03:42.032+07:00 DEBUG 2160 --- [           main] o.s.d.r.c.s.RepositoryFactorySupport     : Initializing repository instance for com.kel5.ecommerce.repository.UserRepository…
2023-10-24T20:03:42.048+07:00 DEBUG 2160 --- [           main] tor$SharedEntityManagerInvocationHandler : Creating new EntityManager for shared EntityManager invocation
2023-10-24T20:03:42.112+07:00 DEBUG 2160 --- [           main] o.s.d.jpa.repository.query.NamedQuery    : Looking up named query User.findByEmailIgnoreCase
2023-10-24T20:03:42.114+07:00 DEBUG 2160 --- [           main] o.s.d.jpa.repository.query.NamedQuery    : Did not find named query User.findByEmailIgnoreCase
2023-10-24T20:03:42.118+07:00 DEBUG 2160 --- [           main] tor$SharedEntityManagerInvocationHandler : Creating new EntityManager for shared EntityManager invocation
2023-10-24T20:03:42.179+07:00 DEBUG 2160 --- [           main] o.s.d.jpa.repository.query.NamedQuery    : Looking up named query User.findByName
2023-10-24T20:03:42.179+07:00 DEBUG 2160 --- [           main] o.s.d.jpa.repository.query.NamedQuery    : Did not find named query User.findByName
2023-10-24T20:03:42.179+07:00 DEBUG 2160 --- [           main] tor$SharedEntityManagerInvocationHandler : Creating new EntityManager for shared EntityManager invocation
2023-10-24T20:03:42.186+07:00 DEBUG 2160 --- [           main] o.s.d.jpa.repository.query.NamedQuery    : Looking up named query User.existsByEmail
2023-10-24T20:03:42.186+07:00 DEBUG 2160 --- [           main] o.s.d.jpa.repository.query.NamedQuery    : Did not find named query User.existsByEmail
2023-10-24T20:03:42.186+07:00 DEBUG 2160 --- [           main] tor$SharedEntityManagerInvocationHandler : Creating new EntityManager for shared EntityManager invocation
2023-10-24T20:03:42.190+07:00 DEBUG 2160 --- [           main] o.s.d.jpa.repository.query.NamedQuery    : Looking up named query User.findByEmail
2023-10-24T20:03:42.190+07:00 DEBUG 2160 --- [           main] o.s.d.jpa.repository.query.NamedQuery    : Did not find named query User.findByEmail
2023-10-24T20:03:42.190+07:00 DEBUG 2160 --- [           main] tor$SharedEntityManagerInvocationHandler : Creating new EntityManager for shared EntityManager invocation
2023-10-24T20:03:42.194+07:00 DEBUG 2160 --- [           main] o.s.d.r.c.s.RepositoryFactorySupport     : Finished creation of repository instance for com.kel5.ecommerce.repository.UserRepository.
2023-10-24T20:03:42.198+07:00 DEBUG 2160 --- [           main] o.s.b.f.s.DefaultListableBeanFactory     : Creating shared instance of singleton bean 'roleRepository'
2023-10-24T20:03:42.199+07:00 DEBUG 2160 --- [           main] o.s.b.f.s.DefaultListableBeanFactory     : Creating shared instance of singleton bean 'jpa.named-queries#3'
2023-10-24T20:03:42.199+07:00 DEBUG 2160 --- [           main] o.s.b.f.s.DefaultListableBeanFactory     : Creating shared instance of singleton bean 'jpa.RoleRepository.fragments#0'
2023-10-24T20:03:42.200+07:00 DEBUG 2160 --- [           main] tor$SharedEntityManagerInvocationHandler : Creating new EntityManager for shared EntityManager invocation
2023-10-24T20:03:42.200+07:00 DEBUG 2160 --- [           main] o.s.d.r.c.s.RepositoryFactorySupport     : Initializing repository instance for com.kel5.ecommerce.repository.RoleRepository…
2023-10-24T20:03:42.201+07:00 DEBUG 2160 --- [           main] tor$SharedEntityManagerInvocationHandler : Creating new EntityManager for shared EntityManager invocation
2023-10-24T20:03:42.214+07:00 DEBUG 2160 --- [           main] o.s.d.jpa.repository.query.NamedQuery    : Looking up named query Role.findByName
2023-10-24T20:03:42.215+07:00 DEBUG 2160 --- [           main] o.s.d.jpa.repository.query.NamedQuery    : Did not find named query Role.findByName
2023-10-24T20:03:42.215+07:00 DEBUG 2160 --- [           main] tor$SharedEntityManagerInvocationHandler : Creating new EntityManager for shared EntityManager invocation
2023-10-24T20:03:42.217+07:00 DEBUG 2160 --- [           main] o.s.d.r.c.s.RepositoryFactorySupport     : Finished creation of repository instance for com.kel5.ecommerce.repository.RoleRepository.
2023-10-24T20:03:42.217+07:00 DEBUG 2160 --- [           main] o.s.b.f.s.DefaultListableBeanFactory     : Creating shared instance of singleton bean 'passwordEncoder'
2023-10-24T20:03:42.217+07:00 DEBUG 2160 --- [           main] o.s.b.f.s.DefaultListableBeanFactory     : Creating shared instance of singleton bean 'confirmationTokenRepository'
2023-10-24T20:03:42.217+07:00 DEBUG 2160 --- [           main] o.s.b.f.s.DefaultListableBeanFactory     : Creating shared instance of singleton bean 'jpa.named-queries#4'
2023-10-24T20:03:42.217+07:00 DEBUG 2160 --- [           main] o.s.b.f.s.DefaultListableBeanFactory     : Creating shared instance of singleton bean 'jpa.ConfirmationTokenRepository.fragments#0'
2023-10-24T20:03:42.217+07:00 DEBUG 2160 --- [           main] tor$SharedEntityManagerInvocationHandler : Creating new EntityManager for shared EntityManager invocation
2023-10-24T20:03:42.217+07:00 DEBUG 2160 --- [           main] o.s.d.r.c.s.RepositoryFactorySupport     : Initializing repository instance for com.kel5.ecommerce.repository.ConfirmationTokenRepository…
2023-10-24T20:03:42.217+07:00 DEBUG 2160 --- [           main] tor$SharedEntityManagerInvocationHandler : Creating new EntityManager for shared EntityManager invocation
2023-10-24T20:03:42.232+07:00 DEBUG 2160 --- [           main] o.s.d.jpa.repository.query.NamedQuery    : Looking up named query ConfirmationToken.findByUser
2023-10-24T20:03:42.232+07:00 DEBUG 2160 --- [           main] o.s.d.jpa.repository.query.NamedQuery    : Did not find named query ConfirmationToken.findByUser
2023-10-24T20:03:42.232+07:00 DEBUG 2160 --- [           main] tor$SharedEntityManagerInvocationHandler : Creating new EntityManager for shared EntityManager invocation
2023-10-24T20:03:42.232+07:00 DEBUG 2160 --- [           main] o.s.d.jpa.repository.query.NamedQuery    : Looking up named query ConfirmationToken.findByConfirmationToken
2023-10-24T20:03:42.232+07:00 DEBUG 2160 --- [           main] o.s.d.jpa.repository.query.NamedQuery    : Did not find named query ConfirmationToken.findByConfirmationToken
2023-10-24T20:03:42.232+07:00 DEBUG 2160 --- [           main] tor$SharedEntityManagerInvocationHandler : Creating new EntityManager for shared EntityManager invocation
2023-10-24T20:03:42.248+07:00 DEBUG 2160 --- [           main] o.s.d.r.c.s.RepositoryFactorySupport     : Finished creation of repository instance for com.kel5.ecommerce.repository.ConfirmationTokenRepository.
2023-10-24T20:03:42.248+07:00 DEBUG 2160 --- [           main] o.s.b.f.s.DefaultListableBeanFactory     : Creating shared instance of singleton bean 'emailService'
2023-10-24T20:03:42.248+07:00 DEBUG 2160 --- [           main] o.s.b.f.s.DefaultListableBeanFactory     : Creating shared instance of singleton bean 'mailSender'
2023-10-24T20:03:42.248+07:00 DEBUG 2160 --- [           main] o.s.b.f.s.DefaultListableBeanFactory     : Creating shared instance of singleton bean 'org.springframework.boot.autoconfigure.mail.MailSenderPropertiesConfiguration'
2023-10-24T20:03:42.248+07:00 DEBUG 2160 --- [           main] o.s.b.f.s.DefaultListableBeanFactory     : Creating shared instance of singleton bean 'spring.mail-org.springframework.boot.autoconfigure.mail.MailProperties'
2023-10-24T20:03:42.248+07:00 DEBUG 2160 --- [           main] o.s.b.f.s.DefaultListableBeanFactory     : Autowiring by type from bean name 'mailSender' via factory method to bean named 'spring.mail-org.springframework.boot.autoconfigure.mail.MailProperties'
2023-10-24T20:03:42.263+07:00 DEBUG 2160 --- [           main] o.s.b.f.s.DefaultListableBeanFactory     : Autowiring by type from bean name 'emailService' via constructor to bean named 'mailSender'
2023-10-24T20:03:42.263+07:00 DEBUG 2160 --- [           main] o.s.b.f.s.DefaultListableBeanFactory     : Creating shared instance of singleton bean 'loginController'
2023-10-24T20:03:42.263+07:00 DEBUG 2160 --- [           main] o.s.b.f.s.DefaultListableBeanFactory     : Creating shared instance of singleton bean 'productController'
2023-10-24T20:03:42.263+07:00 DEBUG 2160 --- [           main] o.s.b.f.s.DefaultListableBeanFactory     : Creating shared instance of singleton bean 'productServiceImpl'
2023-10-24T20:03:42.279+07:00 DEBUG 2160 --- [           main] o.s.b.f.s.DefaultListableBeanFactory     : Creating shared instance of singleton bean 'productRepository'
2023-10-24T20:03:42.279+07:00 DEBUG 2160 --- [           main] o.s.b.f.s.DefaultListableBeanFactory     : Creating shared instance of singleton bean 'jpa.named-queries#2'
2023-10-24T20:03:42.279+07:00 DEBUG 2160 --- [           main] o.s.b.f.s.DefaultListableBeanFactory     : Creating shared instance of singleton bean 'jpa.ProductRepository.fragments#0'
2023-10-24T20:03:42.279+07:00 DEBUG 2160 --- [           main] tor$SharedEntityManagerInvocationHandler : Creating new EntityManager for shared EntityManager invocation
2023-10-24T20:03:42.279+07:00 DEBUG 2160 --- [           main] o.s.d.r.c.s.RepositoryFactorySupport     : Initializing repository instance for com.kel5.ecommerce.repository.ProductRepository…
2023-10-24T20:03:42.279+07:00 DEBUG 2160 --- [           main] tor$SharedEntityManagerInvocationHandler : Creating new EntityManager for shared EntityManager invocation
2023-10-24T20:03:42.313+07:00 DEBUG 2160 --- [           main] o.s.d.r.c.s.RepositoryFactorySupport     : Finished creation of repository instance for com.kel5.ecommerce.repository.ProductRepository.
2023-10-24T20:03:42.314+07:00 DEBUG 2160 --- [           main] o.s.b.f.s.DefaultListableBeanFactory     : Autowiring by type from bean name 'productServiceImpl' via constructor to bean named 'productRepository'
2023-10-24T20:03:42.315+07:00 DEBUG 2160 --- [           main] o.s.b.f.s.DefaultListableBeanFactory     : Autowiring by type from bean name 'productController' via constructor to bean named 'productServiceImpl'
2023-10-24T20:03:42.316+07:00 DEBUG 2160 --- [           main] o.s.b.f.s.DefaultListableBeanFactory     : Creating shared instance of singleton bean 'imageRepository'
2023-10-24T20:03:42.317+07:00 DEBUG 2160 --- [           main] o.s.b.f.s.DefaultListableBeanFactory     : Creating shared instance of singleton bean 'jpa.named-queries#0'
2023-10-24T20:03:42.319+07:00 DEBUG 2160 --- [           main] o.s.b.f.s.DefaultListableBeanFactory     : Creating shared instance of singleton bean 'jpa.ImageRepository.fragments#0'
2023-10-24T20:03:42.320+07:00 DEBUG 2160 --- [           main] tor$SharedEntityManagerInvocationHandler : Creating new EntityManager for shared EntityManager invocation
2023-10-24T20:03:42.321+07:00 DEBUG 2160 --- [           main] o.s.d.r.c.s.RepositoryFactorySupport     : Initializing repository instance for com.kel5.ecommerce.repository.ImageRepository…
2023-10-24T20:03:42.321+07:00 DEBUG 2160 --- [           main] tor$SharedEntityManagerInvocationHandler : Creating new EntityManager for shared EntityManager invocation
2023-10-24T20:03:42.349+07:00 DEBUG 2160 --- [           main] o.s.d.r.c.s.RepositoryFactorySupport     : Finished creation of repository instance for com.kel5.ecommerce.repository.ImageRepository.
2023-10-24T20:03:42.350+07:00 DEBUG 2160 --- [           main] o.s.b.f.s.DefaultListableBeanFactory     : Creating shared instance of singleton bean 'userController'
2023-10-24T20:03:42.354+07:00 DEBUG 2160 --- [           main] o.s.b.f.s.DefaultListableBeanFactory     : Creating shared instance of singleton bean 'imageServiceImpl'
2023-10-24T20:03:42.355+07:00 DEBUG 2160 --- [           main] o.s.b.f.s.DefaultListableBeanFactory     : Creating shared instance of singleton bean 'customUserDetailsService'
2023-10-24T20:03:42.356+07:00 DEBUG 2160 --- [           main] o.s.b.f.s.DefaultListableBeanFactory     : Creating shared instance of singleton bean 'org.springframework.security.config.annotation.configuration.ObjectPostProcessorConfiguration'
2023-10-24T20:03:42.356+07:00 DEBUG 2160 --- [           main] o.s.b.f.s.DefaultListableBeanFactory     : Creating shared instance of singleton bean 'objectPostProcessor'
2023-10-24T20:03:42.358+07:00 DEBUG 2160 --- [           main] o.s.b.f.s.DefaultListableBeanFactory     : Autowiring by type from bean name 'objectPostProcessor' via factory method to bean named 'org.springframework.beans.factory.support.DefaultListableBeanFactory@5bdaf2ce'
2023-10-24T20:03:42.359+07:00 DEBUG 2160 --- [           main] o.s.b.f.s.DefaultListableBeanFactory     : Creating shared instance of singleton bean 'org.springframework.security.config.annotation.authentication.configuration.AuthenticationConfiguration'
2023-10-24T20:03:42.360+07:00 DEBUG 2160 --- [           main] o.s.b.f.s.DefaultListableBeanFactory     : Creating shared instance of singleton bean 'enableGlobalAuthenticationAutowiredConfigurer'
2023-10-24T20:03:42.361+07:00 DEBUG 2160 --- [           main] o.s.b.f.s.DefaultListableBeanFactory     : Autowiring by type from bean name 'enableGlobalAuthenticationAutowiredConfigurer' via factory method to bean named 'org.springframework.web.context.support.GenericWebApplicationContext@443dbe42'
2023-10-24T20:03:42.361+07:00 DEBUG 2160 --- [           main] o.s.b.f.s.DefaultListableBeanFactory     : Creating shared instance of singleton bean 'initializeUserDetailsBeanManagerConfigurer'
2023-10-24T20:03:42.362+07:00 DEBUG 2160 --- [           main] o.s.b.f.s.DefaultListableBeanFactory     : Autowiring by type from bean name 'initializeUserDetailsBeanManagerConfigurer' via factory method to bean named 'org.springframework.web.context.support.GenericWebApplicationContext@443dbe42'
2023-10-24T20:03:42.362+07:00 DEBUG 2160 --- [           main] o.s.b.f.s.DefaultListableBeanFactory     : Creating shared instance of singleton bean 'initializeAuthenticationProviderBeanManagerConfigurer'
2023-10-24T20:03:42.362+07:00 DEBUG 2160 --- [           main] o.s.b.f.s.DefaultListableBeanFactory     : Autowiring by type from bean name 'initializeAuthenticationProviderBeanManagerConfigurer' via factory method to bean named 'org.springframework.web.context.support.GenericWebApplicationContext@443dbe42'
2023-10-24T20:03:42.363+07:00 DEBUG 2160 --- [           main] o.s.b.f.s.DefaultListableBeanFactory     : Creating shared instance of singleton bean 'authenticationManagerBuilder'
2023-10-24T20:03:42.364+07:00 DEBUG 2160 --- [           main] o.s.b.f.s.DefaultListableBeanFactory     : Autowiring by type from bean name 'authenticationManagerBuilder' via factory method to bean named 'objectPostProcessor'
2023-10-24T20:03:42.364+07:00 DEBUG 2160 --- [           main] o.s.b.f.s.DefaultListableBeanFactory     : Autowiring by type from bean name 'authenticationManagerBuilder' via factory method to bean named 'org.springframework.web.context.support.GenericWebApplicationContext@443dbe42'
2023-10-24T20:03:42.364+07:00 DEBUG 2160 --- [           main] o.s.b.f.s.DefaultListableBeanFactory     : Creating shared instance of singleton bean 'authenticationEventPublisher'
2023-10-24T20:03:42.365+07:00 DEBUG 2160 --- [           main] o.s.b.f.s.DefaultListableBeanFactory     : Creating shared instance of singleton bean 'org.springframework.boot.autoconfigure.security.servlet.SecurityAutoConfiguration'
2023-10-24T20:03:42.365+07:00 DEBUG 2160 --- [           main] o.s.b.f.s.DefaultListableBeanFactory     : Autowiring by type from bean name 'authenticationEventPublisher' via factory method to bean named 'org.springframework.web.context.support.GenericWebApplicationContext@443dbe42'
2023-10-24T20:03:42.374+07:00 DEBUG 2160 --- [           main] o.s.b.f.s.DefaultListableBeanFactory     : Creating shared instance of singleton bean 'org.springframework.security.config.annotation.web.configuration.WebSecurityConfiguration'
2023-10-24T20:03:42.375+07:00 DEBUG 2160 --- [           main] o.s.b.f.s.DefaultListableBeanFactory     : Creating shared instance of singleton bean 'org.springframework.security.config.annotation.web.configuration.HttpSecurityConfiguration'
2023-10-24T20:03:42.378+07:00 DEBUG 2160 --- [           main] o.s.b.f.s.DefaultListableBeanFactory     : Creating shared instance of singleton bean 'mvcContentNegotiationManager'
2023-10-24T20:03:42.379+07:00 DEBUG 2160 --- [           main] o.s.b.f.s.DefaultListableBeanFactory     : Creating shared instance of singleton bean 'org.springframework.boot.autoconfigure.web.servlet.WebMvcAutoConfiguration$EnableWebMvcConfiguration'
2023-10-24T20:03:42.379+07:00 DEBUG 2160 --- [           main] o.s.b.f.s.DefaultListableBeanFactory     : Creating shared instance of singleton bean 'spring.mvc-org.springframework.boot.autoconfigure.web.servlet.WebMvcProperties'
2023-10-24T20:03:42.382+07:00 DEBUG 2160 --- [           main] o.s.b.f.s.DefaultListableBeanFactory     : Creating shared instance of singleton bean 'spring.web-org.springframework.boot.autoconfigure.web.WebProperties'
2023-10-24T20:03:42.387+07:00 DEBUG 2160 --- [           main] o.s.b.f.s.DefaultListableBeanFactory     : Autowiring by type from bean name 'org.springframework.boot.autoconfigure.web.servlet.WebMvcAutoConfiguration$EnableWebMvcConfiguration' via constructor to bean named 'spring.mvc-org.springframework.boot.autoconfigure.web.servlet.WebMvcProperties'
2023-10-24T20:03:42.387+07:00 DEBUG 2160 --- [           main] o.s.b.f.s.DefaultListableBeanFactory     : Autowiring by type from bean name 'org.springframework.boot.autoconfigure.web.servlet.WebMvcAutoConfiguration$EnableWebMvcConfiguration' via constructor to bean named 'spring.web-org.springframework.boot.autoconfigure.web.WebProperties'
2023-10-24T20:03:42.387+07:00 DEBUG 2160 --- [           main] o.s.b.f.s.DefaultListableBeanFactory     : Autowiring by type from bean name 'org.springframework.boot.autoconfigure.web.servlet.WebMvcAutoConfiguration$EnableWebMvcConfiguration' via constructor to bean named 'org.springframework.beans.factory.support.DefaultListableBeanFactory@5bdaf2ce'
2023-10-24T20:03:42.391+07:00 DEBUG 2160 --- [           main] o.s.b.f.s.DefaultListableBeanFactory     : Creating shared instance of singleton bean 'org.springframework.security.config.annotation.web.configuration.WebMvcSecurityConfiguration'
2023-10-24T20:03:42.391+07:00 DEBUG 2160 --- [           main] o.s.b.f.s.DefaultListableBeanFactory     : Creating shared instance of singleton bean 'org.springframework.boot.autoconfigure.web.servlet.WebMvcAutoConfiguration$WebMvcAutoConfigurationAdapter'
2023-10-24T20:03:42.392+07:00 DEBUG 2160 --- [           main] o.s.b.f.s.DefaultListableBeanFactory     : Autowiring by type from bean name 'org.springframework.boot.autoconfigure.web.servlet.WebMvcAutoConfiguration$WebMvcAutoConfigurationAdapter' via constructor to bean named 'spring.web-org.springframework.boot.autoconfigure.web.WebProperties'
2023-10-24T20:03:42.392+07:00 DEBUG 2160 --- [           main] o.s.b.f.s.DefaultListableBeanFactory     : Autowiring by type from bean name 'org.springframework.boot.autoconfigure.web.servlet.WebMvcAutoConfiguration$WebMvcAutoConfigurationAdapter' via constructor to bean named 'spring.mvc-org.springframework.boot.autoconfigure.web.servlet.WebMvcProperties'
2023-10-24T20:03:42.392+07:00 DEBUG 2160 --- [           main] o.s.b.f.s.DefaultListableBeanFactory     : Autowiring by type from bean name 'org.springframework.boot.autoconfigure.web.servlet.WebMvcAutoConfiguration$WebMvcAutoConfigurationAdapter' via constructor to bean named 'org.springframework.beans.factory.support.DefaultListableBeanFactory@5bdaf2ce'
2023-10-24T20:03:42.393+07:00 DEBUG 2160 --- [           main] o.s.b.f.s.DefaultListableBeanFactory     : Creating shared instance of singleton bean 'openEntityManagerInViewInterceptorConfigurer'
2023-10-24T20:03:42.393+07:00 DEBUG 2160 --- [           main] o.s.b.f.s.DefaultListableBeanFactory     : Creating shared instance of singleton bean 'org.springframework.boot.autoconfigure.orm.jpa.JpaBaseConfiguration$JpaWebConfiguration'
2023-10-24T20:03:42.394+07:00 DEBUG 2160 --- [           main] o.s.b.f.s.DefaultListableBeanFactory     : Autowiring by type from bean name 'org.springframework.boot.autoconfigure.orm.jpa.JpaBaseConfiguration$JpaWebConfiguration' via constructor to bean named 'spring.jpa-org.springframework.boot.autoconfigure.orm.jpa.JpaProperties'
2023-10-24T20:03:42.394+07:00 DEBUG 2160 --- [           main] o.s.b.f.s.DefaultListableBeanFactory     : Creating shared instance of singleton bean 'openEntityManagerInViewInterceptor'
2023-10-24T20:03:42.394+07:00  WARN 2160 --- [           main] JpaBaseConfiguration$JpaWebConfiguration : spring.jpa.open-in-view is enabled by default. Therefore, database queries may be performed during view rendering. Explicitly configure spring.jpa.open-in-view to disable this warning
2023-10-24T20:03:42.397+07:00 DEBUG 2160 --- [           main] o.s.b.f.s.DefaultListableBeanFactory     : Autowiring by type from bean name 'openEntityManagerInViewInterceptorConfigurer' via factory method to bean named 'openEntityManagerInViewInterceptor'
2023-10-24T20:03:42.398+07:00 DEBUG 2160 --- [           main] o.s.b.f.s.DefaultListableBeanFactory     : Creating shared instance of singleton bean 'org.springframework.data.web.config.SpringDataWebConfiguration'
2023-10-24T20:03:42.399+07:00 DEBUG 2160 --- [           main] o.s.b.f.s.DefaultListableBeanFactory     : Autowiring by type from bean name 'org.springframework.data.web.config.SpringDataWebConfiguration' via constructor to bean named 'org.springframework.web.context.support.GenericWebApplicationContext@443dbe42'
2023-10-24T20:03:42.410+07:00 DEBUG 2160 --- [           main] o.s.b.f.s.DefaultListableBeanFactory     : Creating shared instance of singleton bean 'endpointObjectMapperWebMvcConfigurer'
2023-10-24T20:03:42.411+07:00 DEBUG 2160 --- [           main] o.s.b.f.s.DefaultListableBeanFactory     : Creating shared instance of singleton bean 'endpointObjectMapper'
2023-10-24T20:03:42.411+07:00 DEBUG 2160 --- [           main] o.s.b.f.s.DefaultListableBeanFactory     : Creating shared instance of singleton bean 'org.springframework.boot.actuate.autoconfigure.endpoint.jackson.JacksonEndpointAutoConfiguration'
2023-10-24T20:03:42.412+07:00 DEBUG 2160 --- [           main] o.s.b.f.s.DefaultListableBeanFactory     : Autowiring by type from bean name 'endpointObjectMapperWebMvcConfigurer' via factory method to bean named 'endpointObjectMapper'
2023-10-24T20:03:42.527+07:00 DEBUG 2160 --- [           main] o.s.b.f.s.DefaultListableBeanFactory     : Creating shared instance of singleton bean 'securityFilterChain'
2023-10-24T20:03:42.527+07:00 DEBUG 2160 --- [           main] o.s.b.f.s.DefaultListableBeanFactory     : Autowiring by type from bean name 'securityFilterChain' via factory method to bean named 'org.springframework.security.config.annotation.web.configuration.HttpSecurityConfiguration.httpSecurity'
2023-10-24T20:03:42.575+07:00 DEBUG 2160 --- [           main] o.s.b.f.s.DefaultListableBeanFactory     : Creating shared instance of singleton bean 'customAuthenticationSuccessHandler'
2023-10-24T20:03:42.587+07:00 DEBUG 2160 --- [           main] o.s.b.f.s.DefaultListableBeanFactory     : Creating shared instance of singleton bean 'observationRegistry'
2023-10-24T20:03:42.587+07:00 DEBUG 2160 --- [           main] o.s.b.f.s.DefaultListableBeanFactory     : Creating shared instance of singleton bean 'org.springframework.boot.actuate.autoconfigure.observation.ObservationAutoConfiguration'
2023-10-24T20:03:42.595+07:00 DEBUG 2160 --- [           main] o.s.b.f.s.DefaultListableBeanFactory     : Creating shared instance of singleton bean 'metricsObservationHandlerGrouping'
2023-10-24T20:03:42.595+07:00 DEBUG 2160 --- [           main] o.s.b.f.s.DefaultListableBeanFactory     : Creating shared instance of singleton bean 'org.springframework.boot.actuate.autoconfigure.observation.ObservationAutoConfiguration$OnlyMetricsConfiguration'
2023-10-24T20:03:42.599+07:00 DEBUG 2160 --- [           main] o.s.b.f.s.DefaultListableBeanFactory     : Creating shared instance of singleton bean 'defaultMeterObservationHandler'
2023-10-24T20:03:42.599+07:00 DEBUG 2160 --- [           main] o.s.b.f.s.DefaultListableBeanFactory     : Creating shared instance of singleton bean 'org.springframework.boot.actuate.autoconfigure.observation.ObservationAutoConfiguration$MeterObservationHandlerConfiguration$OnlyMetricsMeterObservationHandlerConfiguration'
2023-10-24T20:03:42.600+07:00 DEBUG 2160 --- [           main] o.s.b.f.s.DefaultListableBeanFactory     : Creating shared instance of singleton bean 'simpleMeterRegistry'
2023-10-24T20:03:42.600+07:00 DEBUG 2160 --- [           main] o.s.b.f.s.DefaultListableBeanFactory     : Creating shared instance of singleton bean 'org.springframework.boot.actuate.autoconfigure.metrics.export.simple.SimpleMetricsExportAutoConfiguration'
2023-10-24T20:03:42.601+07:00 DEBUG 2160 --- [           main] o.s.b.f.s.DefaultListableBeanFactory     : Creating shared instance of singleton bean 'simpleConfig'
2023-10-24T20:03:42.602+07:00 DEBUG 2160 --- [           main] o.s.b.f.s.DefaultListableBeanFactory     : Creating shared instance of singleton bean 'management.simple.metrics.export-org.springframework.boot.actuate.autoconfigure.metrics.export.simple.SimpleProperties'
2023-10-24T20:03:42.603+07:00 DEBUG 2160 --- [           main] o.s.b.f.s.DefaultListableBeanFactory     : Autowiring by type from bean name 'simpleConfig' via factory method to bean named 'management.simple.metrics.export-org.springframework.boot.actuate.autoconfigure.metrics.export.simple.SimpleProperties'
2023-10-24T20:03:42.609+07:00 DEBUG 2160 --- [           main] o.s.b.f.s.DefaultListableBeanFactory     : Creating shared instance of singleton bean 'micrometerClock'
2023-10-24T20:03:42.609+07:00 DEBUG 2160 --- [           main] o.s.b.f.s.DefaultListableBeanFactory     : Creating shared instance of singleton bean 'org.springframework.boot.actuate.autoconfigure.metrics.MetricsAutoConfiguration'
2023-10-24T20:03:42.611+07:00 DEBUG 2160 --- [           main] o.s.b.f.s.DefaultListableBeanFactory     : Autowiring by type from bean name 'simpleMeterRegistry' via factory method to bean named 'simpleConfig'
2023-10-24T20:03:42.611+07:00 DEBUG 2160 --- [           main] o.s.b.f.s.DefaultListableBeanFactory     : Autowiring by type from bean name 'simpleMeterRegistry' via factory method to bean named 'micrometerClock'
2023-10-24T20:03:42.628+07:00 DEBUG 2160 --- [           main] o.s.b.f.s.DefaultListableBeanFactory     : Creating shared instance of singleton bean 'propertiesMeterFilter'
2023-10-24T20:03:42.630+07:00 DEBUG 2160 --- [           main] o.s.b.f.s.DefaultListableBeanFactory     : Autowiring by type from bean name 'propertiesMeterFilter' via factory method to bean named 'management.metrics-org.springframework.boot.actuate.autoconfigure.metrics.MetricsProperties'
2023-10-24T20:03:42.632+07:00 DEBUG 2160 --- [           main] o.s.b.f.s.DefaultListableBeanFactory     : Creating shared instance of singleton bean 'metricsHttpClientUriTagFilter'
2023-10-24T20:03:42.632+07:00 DEBUG 2160 --- [           main] o.s.b.f.s.DefaultListableBeanFactory     : Creating shared instance of singleton bean 'org.springframework.boot.actuate.autoconfigure.observation.web.client.HttpClientObservationsAutoConfiguration$MeterFilterConfiguration'
2023-10-24T20:03:42.633+07:00 DEBUG 2160 --- [           main] o.s.b.f.s.DefaultListableBeanFactory     : Creating shared instance of singleton bean 'management.observations-org.springframework.boot.actuate.autoconfigure.observation.ObservationProperties'
2023-10-24T20:03:42.634+07:00 DEBUG 2160 --- [           main] o.s.b.f.s.DefaultListableBeanFactory     : Autowiring by type from bean name 'metricsHttpClientUriTagFilter' via factory method to bean named 'management.observations-org.springframework.boot.actuate.autoconfigure.observation.ObservationProperties'
2023-10-24T20:03:42.635+07:00 DEBUG 2160 --- [           main] o.s.b.f.s.DefaultListableBeanFactory     : Autowiring by type from bean name 'metricsHttpClientUriTagFilter' via factory method to bean named 'management.metrics-org.springframework.boot.actuate.autoconfigure.metrics.MetricsProperties'
2023-10-24T20:03:42.638+07:00 DEBUG 2160 --- [           main] o.s.b.f.s.DefaultListableBeanFactory     : Creating shared instance of singleton bean 'metricsHttpServerUriTagFilter'
2023-10-24T20:03:42.638+07:00 DEBUG 2160 --- [           main] o.s.b.f.s.DefaultListableBeanFactory     : Creating shared instance of singleton bean 'org.springframework.boot.actuate.autoconfigure.observation.web.servlet.WebMvcObservationAutoConfiguration$MeterFilterConfiguration'
2023-10-24T20:03:42.638+07:00 DEBUG 2160 --- [           main] o.s.b.f.s.DefaultListableBeanFactory     : Autowiring by type from bean name 'metricsHttpServerUriTagFilter' via factory method to bean named 'management.metrics-org.springframework.boot.actuate.autoconfigure.metrics.MetricsProperties'
2023-10-24T20:03:42.638+07:00 DEBUG 2160 --- [           main] o.s.b.f.s.DefaultListableBeanFactory     : Autowiring by type from bean name 'metricsHttpServerUriTagFilter' via factory method to bean named 'management.observations-org.springframework.boot.actuate.autoconfigure.observation.ObservationProperties'
2023-10-24T20:03:42.642+07:00 DEBUG 2160 --- [           main] o.s.b.f.s.DefaultListableBeanFactory     : Autowiring by type from bean name 'defaultMeterObservationHandler' via factory method to bean named 'simpleMeterRegistry'
2023-10-24T20:03:42.660+07:00  INFO 2160 --- [           main] o.s.s.web.DefaultSecurityFilterChain     : Will secure any request with [org.springframework.security.web.session.DisableEncodeUrlFilter@10b0dd3a, org.springframework.security.web.context.request.async.WebAsyncManagerIntegrationFilter@4c231f62, org.springframework.security.web.context.SecurityContextHolderFilter@3b6c55b6, org.springframework.security.web.header.HeaderWriterFilter@55d776ac, org.springframework.security.web.authentication.logout.LogoutFilter@3f473daf, org.springframework.security.web.authentication.UsernamePasswordAuthenticationFilter@978475b, org.springframework.security.web.savedrequest.RequestCacheAwareFilter@7f38545a, org.springframework.security.web.servletapi.SecurityContextHolderAwareRequestFilter@642334d6, org.springframework.security.web.authentication.AnonymousAuthenticationFilter@6888746c, org.springframework.security.web.access.ExceptionTranslationFilter@29dcad7e, org.springframework.security.web.access.intercept.AuthorizationFilter@5cb4ba80]
2023-10-24T20:03:42.664+07:00 DEBUG 2160 --- [           main] o.s.b.f.s.DefaultListableBeanFactory     : Creating shared instance of singleton bean 'allowUrlEncodedSlashHttpFirewall'
2023-10-24T20:03:42.670+07:00 DEBUG 2160 --- [           main] o.s.b.f.s.DefaultListableBeanFactory     : Creating shared instance of singleton bean 'delegatingApplicationListener'
2023-10-24T20:03:42.671+07:00 DEBUG 2160 --- [           main] o.s.b.f.s.DefaultListableBeanFactory     : Creating shared instance of singleton bean 'springSecurityFilterChain'
2023-10-24T20:03:42.679+07:00 DEBUG 2160 --- [           main] o.s.b.f.s.DefaultListableBeanFactory     : Creating shared instance of singleton bean 'webSecurityExpressionHandler'
2023-10-24T20:03:42.680+07:00 DEBUG 2160 --- [           main] o.s.b.f.s.DefaultListableBeanFactory     : Creating shared instance of singleton bean 'privilegeEvaluator'
2023-10-24T20:03:42.680+07:00 DEBUG 2160 --- [           main] o.s.b.f.s.DefaultListableBeanFactory     : Creating shared instance of singleton bean 'requestDataValueProcessor'
2023-10-24T20:03:42.682+07:00 DEBUG 2160 --- [           main] o.s.b.f.s.DefaultListableBeanFactory     : Creating shared instance of singleton bean 'org.springframework.boot.autoconfigure.context.PropertyPlaceholderAutoConfiguration'
2023-10-24T20:03:42.682+07:00 DEBUG 2160 --- [           main] o.s.b.f.s.DefaultListableBeanFactory     : Creating shared instance of singleton bean 'org.springframework.boot.autoconfigure.ssl.SslAutoConfiguration'
2023-10-24T20:03:42.682+07:00 DEBUG 2160 --- [           main] o.s.b.f.s.DefaultListableBeanFactory     : Creating shared instance of singleton bean 'sslPropertiesSslBundleRegistrar'
2023-10-24T20:03:42.683+07:00 DEBUG 2160 --- [           main] o.s.b.f.s.DefaultListableBeanFactory     : Creating shared instance of singleton bean 'spring.ssl-org.springframework.boot.autoconfigure.ssl.SslProperties'
2023-10-24T20:03:42.684+07:00 DEBUG 2160 --- [           main] o.s.b.f.s.DefaultListableBeanFactory     : Autowiring by type from bean name 'sslPropertiesSslBundleRegistrar' via factory method to bean named 'spring.ssl-org.springframework.boot.autoconfigure.ssl.SslProperties'
2023-10-24T20:03:42.685+07:00 DEBUG 2160 --- [           main] o.s.b.f.s.DefaultListableBeanFactory     : Creating shared instance of singleton bean 'sslBundleRegistry'
2023-10-24T20:03:42.685+07:00 DEBUG 2160 --- [           main] o.s.b.f.s.DefaultListableBeanFactory     : Autowiring by type from bean name 'sslBundleRegistry' via factory method to bean named 'sslPropertiesSslBundleRegistrar'
2023-10-24T20:03:42.688+07:00 DEBUG 2160 --- [           main] o.s.b.f.s.DefaultListableBeanFactory     : Creating shared instance of singleton bean 'org.springframework.boot.autoconfigure.websocket.servlet.WebSocketServletAutoConfiguration$TomcatWebSocketConfiguration'
2023-10-24T20:03:42.688+07:00 DEBUG 2160 --- [           main] o.s.b.f.s.DefaultListableBeanFactory     : Creating shared instance of singleton bean 'websocketServletWebServerCustomizer'
2023-10-24T20:03:42.691+07:00 DEBUG 2160 --- [           main] o.s.b.f.s.DefaultListableBeanFactory     : Creating shared instance of singleton bean 'org.springframework.boot.autoconfigure.websocket.servlet.WebSocketServletAutoConfiguration'
2023-10-24T20:03:42.692+07:00 DEBUG 2160 --- [           main] o.s.b.f.s.DefaultListableBeanFactory     : Creating shared instance of singleton bean 'org.springframework.boot.autoconfigure.web.servlet.ServletWebServerFactoryConfiguration$EmbeddedTomcat'
2023-10-24T20:03:42.692+07:00 DEBUG 2160 --- [           main] o.s.b.f.s.DefaultListableBeanFactory     : Creating shared instance of singleton bean 'tomcatServletWebServerFactory'
2023-10-24T20:03:42.734+07:00 DEBUG 2160 --- [           main] o.s.b.f.s.DefaultListableBeanFactory     : Creating shared instance of singleton bean 'servletWebServerFactoryCustomizer'
2023-10-24T20:03:42.734+07:00 DEBUG 2160 --- [           main] o.s.b.f.s.DefaultListableBeanFactory     : Creating shared instance of singleton bean 'org.springframework.boot.autoconfigure.web.servlet.ServletWebServerFactoryAutoConfiguration'
2023-10-24T20:03:42.735+07:00 DEBUG 2160 --- [           main] o.s.b.f.s.DefaultListableBeanFactory     : Creating shared instance of singleton bean 'server-org.springframework.boot.autoconfigure.web.ServerProperties'
2023-10-24T20:03:42.744+07:00 DEBUG 2160 --- [           main] o.s.b.f.s.DefaultListableBeanFactory     : Autowiring by type from bean name 'servletWebServerFactoryCustomizer' via factory method to bean named 'server-org.springframework.boot.autoconfigure.web.ServerProperties'
2023-10-24T20:03:42.746+07:00 DEBUG 2160 --- [           main] o.s.b.f.s.DefaultListableBeanFactory     : Creating shared instance of singleton bean 'tomcatServletWebServerFactoryCustomizer'
2023-10-24T20:03:42.746+07:00 DEBUG 2160 --- [           main] o.s.b.f.s.DefaultListableBeanFactory     : Autowiring by type from bean name 'tomcatServletWebServerFactoryCustomizer' via factory method to bean named 'server-org.springframework.boot.autoconfigure.web.ServerProperties'
2023-10-24T20:03:42.747+07:00 DEBUG 2160 --- [           main] o.s.b.f.s.DefaultListableBeanFactory     : Creating shared instance of singleton bean 'localeCharsetMappingsCustomizer'
2023-10-24T20:03:42.747+07:00 DEBUG 2160 --- [           main] o.s.b.f.s.DefaultListableBeanFactory     : Creating shared instance of singleton bean 'org.springframework.boot.autoconfigure.web.servlet.HttpEncodingAutoConfiguration'
2023-10-24T20:03:42.747+07:00 DEBUG 2160 --- [           main] o.s.b.f.s.DefaultListableBeanFactory     : Autowiring by type from bean name 'org.springframework.boot.autoconfigure.web.servlet.HttpEncodingAutoConfiguration' via constructor to bean named 'server-org.springframework.boot.autoconfigure.web.ServerProperties'
2023-10-24T20:03:42.758+07:00 DEBUG 2160 --- [           main] o.s.b.f.s.DefaultListableBeanFactory     : Creating shared instance of singleton bean 'errorPageCustomizer'
2023-10-24T20:03:42.758+07:00 DEBUG 2160 --- [           main] o.s.b.f.s.DefaultListableBeanFactory     : Creating shared instance of singleton bean 'org.springframework.boot.autoconfigure.web.servlet.error.ErrorMvcAutoConfiguration'
2023-10-24T20:03:42.758+07:00 DEBUG 2160 --- [           main] o.s.b.f.s.DefaultListableBeanFactory     : Autowiring by type from bean name 'org.springframework.boot.autoconfigure.web.servlet.error.ErrorMvcAutoConfiguration' via constructor to bean named 'server-org.springframework.boot.autoconfigure.web.ServerProperties'
2023-10-24T20:03:42.759+07:00 DEBUG 2160 --- [           main] o.s.b.f.s.DefaultListableBeanFactory     : Creating shared instance of singleton bean 'dispatcherServletRegistration'
2023-10-24T20:03:42.759+07:00 DEBUG 2160 --- [           main] o.s.b.f.s.DefaultListableBeanFactory     : Creating shared instance of singleton bean 'org.springframework.boot.autoconfigure.web.servlet.DispatcherServletAutoConfiguration$DispatcherServletRegistrationConfiguration'
2023-10-24T20:03:42.760+07:00 DEBUG 2160 --- [           main] o.s.b.f.s.DefaultListableBeanFactory     : Creating shared instance of singleton bean 'dispatcherServlet'
2023-10-24T20:03:42.760+07:00 DEBUG 2160 --- [           main] o.s.b.f.s.DefaultListableBeanFactory     : Creating shared instance of singleton bean 'org.springframework.boot.autoconfigure.web.servlet.DispatcherServletAutoConfiguration$DispatcherServletConfiguration'
2023-10-24T20:03:42.761+07:00 DEBUG 2160 --- [           main] o.s.b.f.s.DefaultListableBeanFactory     : Autowiring by type from bean name 'dispatcherServlet' via factory method to bean named 'spring.mvc-org.springframework.boot.autoconfigure.web.servlet.WebMvcProperties'
2023-10-24T20:03:42.772+07:00 DEBUG 2160 --- [           main] o.s.b.f.s.DefaultListableBeanFactory     : Autowiring by type from bean name 'dispatcherServletRegistration' via factory method to bean named 'dispatcherServlet'
2023-10-24T20:03:42.773+07:00 DEBUG 2160 --- [           main] o.s.b.f.s.DefaultListableBeanFactory     : Autowiring by type from bean name 'dispatcherServletRegistration' via factory method to bean named 'spring.mvc-org.springframework.boot.autoconfigure.web.servlet.WebMvcProperties'
2023-10-24T20:03:42.775+07:00 DEBUG 2160 --- [           main] o.s.b.f.s.DefaultListableBeanFactory     : Creating shared instance of singleton bean 'multipartConfigElement'
2023-10-24T20:03:42.775+07:00 DEBUG 2160 --- [           main] o.s.b.f.s.DefaultListableBeanFactory     : Creating shared instance of singleton bean 'org.springframework.boot.autoconfigure.web.servlet.MultipartAutoConfiguration'
2023-10-24T20:03:42.775+07:00 DEBUG 2160 --- [           main] o.s.b.f.s.DefaultListableBeanFactory     : Creating shared instance of singleton bean 'spring.servlet.multipart-org.springframework.boot.autoconfigure.web.servlet.MultipartProperties'
2023-10-24T20:03:42.778+07:00 DEBUG 2160 --- [           main] o.s.b.f.s.DefaultListableBeanFactory     : Autowiring by type from bean name 'org.springframework.boot.autoconfigure.web.servlet.MultipartAutoConfiguration' via constructor to bean named 'spring.servlet.multipart-org.springframework.boot.autoconfigure.web.servlet.MultipartProperties'
2023-10-24T20:03:42.782+07:00 DEBUG 2160 --- [           main] o.s.b.f.s.DefaultListableBeanFactory     : Autowiring by type from bean name 'errorPageCustomizer' via factory method to bean named 'dispatcherServletRegistration'
2023-10-24T20:03:42.784+07:00 DEBUG 2160 --- [           main] o.s.b.f.s.DefaultListableBeanFactory     : Creating shared instance of singleton bean 'org.springframework.boot.autoconfigure.web.servlet.DispatcherServletAutoConfiguration'
2023-10-24T20:03:42.784+07:00 DEBUG 2160 --- [           main] o.s.b.f.s.DefaultListableBeanFactory     : Creating shared instance of singleton bean 'org.springframework.boot.autoconfigure.task.TaskExecutionAutoConfiguration'
2023-10-24T20:03:42.784+07:00 DEBUG 2160 --- [           main] o.s.b.f.s.DefaultListableBeanFactory     : Creating shared instance of singleton bean 'taskExecutorBuilder'
2023-10-24T20:03:42.785+07:00 DEBUG 2160 --- [           main] o.s.b.f.s.DefaultListableBeanFactory     : Creating shared instance of singleton bean 'spring.task.execution-org.springframework.boot.autoconfigure.task.TaskExecutionProperties'
2023-10-24T20:03:42.786+07:00 DEBUG 2160 --- [           main] o.s.b.f.s.DefaultListableBeanFactory     : Autowiring by type from bean name 'taskExecutorBuilder' via factory method to bean named 'spring.task.execution-org.springframework.boot.autoconfigure.task.TaskExecutionProperties'
2023-10-24T20:03:42.788+07:00 DEBUG 2160 --- [           main] o.s.b.f.s.DefaultListableBeanFactory     : Creating shared instance of singleton bean 'org.springframework.boot.autoconfigure.validation.ValidationAutoConfiguration'
2023-10-24T20:03:42.788+07:00 DEBUG 2160 --- [           main] o.s.b.f.s.DefaultListableBeanFactory     : Creating shared instance of singleton bean 'defaultValidator'
2023-10-24T20:03:42.789+07:00 DEBUG 2160 --- [           main] o.s.b.f.s.DefaultListableBeanFactory     : Autowiring by type from bean name 'defaultValidator' via factory method to bean named 'org.springframework.web.context.support.GenericWebApplicationContext@443dbe42'
2023-10-24T20:03:42.798+07:00 DEBUG 2160 --- [           main] o.s.b.f.s.DefaultListableBeanFactory     : Creating shared instance of singleton bean 'org.springframework.boot.autoconfigure.web.servlet.error.ErrorMvcAutoConfiguration$WhitelabelErrorViewConfiguration'
2023-10-24T20:03:42.799+07:00 DEBUG 2160 --- [           main] o.s.b.f.s.DefaultListableBeanFactory     : Creating shared instance of singleton bean 'error'
2023-10-24T20:03:42.799+07:00 DEBUG 2160 --- [           main] o.s.b.f.s.DefaultListableBeanFactory     : Creating shared instance of singleton bean 'beanNameViewResolver'
2023-10-24T20:03:42.800+07:00 DEBUG 2160 --- [           main] o.s.b.f.s.DefaultListableBeanFactory     : Creating shared instance of singleton bean 'org.springframework.boot.autoconfigure.web.servlet.error.ErrorMvcAutoConfiguration$DefaultErrorViewResolverConfiguration'
2023-10-24T20:03:42.800+07:00 DEBUG 2160 --- [           main] o.s.b.f.s.DefaultListableBeanFactory     : Autowiring by type from bean name 'org.springframework.boot.autoconfigure.web.servlet.error.ErrorMvcAutoConfiguration$DefaultErrorViewResolverConfiguration' via constructor to bean named 'org.springframework.web.context.support.GenericWebApplicationContext@443dbe42'
2023-10-24T20:03:42.800+07:00 DEBUG 2160 --- [           main] o.s.b.f.s.DefaultListableBeanFactory     : Autowiring by type from bean name 'org.springframework.boot.autoconfigure.web.servlet.error.ErrorMvcAutoConfiguration$DefaultErrorViewResolverConfiguration' via constructor to bean named 'spring.web-org.springframework.boot.autoconfigure.web.WebProperties'
2023-10-24T20:03:42.801+07:00 DEBUG 2160 --- [           main] o.s.b.f.s.DefaultListableBeanFactory     : Creating shared instance of singleton bean 'conventionErrorViewResolver'
2023-10-24T20:03:42.803+07:00 DEBUG 2160 --- [           main] o.s.b.f.s.DefaultListableBeanFactory     : Creating shared instance of singleton bean 'errorAttributes'
2023-10-24T20:03:42.804+07:00 DEBUG 2160 --- [           main] o.s.b.f.s.DefaultListableBeanFactory     : Creating shared instance of singleton bean 'basicErrorController'
2023-10-24T20:03:42.805+07:00 DEBUG 2160 --- [           main] o.s.b.f.s.DefaultListableBeanFactory     : Autowiring by type from bean name 'basicErrorController' via factory method to bean named 'errorAttributes'
2023-10-24T20:03:42.807+07:00 DEBUG 2160 --- [           main] o.s.b.f.s.DefaultListableBeanFactory     : Creating shared instance of singleton bean 'requestMappingHandlerAdapter'
2023-10-24T20:03:42.809+07:00 DEBUG 2160 --- [           main] o.s.b.f.s.DefaultListableBeanFactory     : Creating shared instance of singleton bean 'mvcConversionService'
2023-10-24T20:03:42.819+07:00 DEBUG 2160 --- [           main] o.s.b.f.s.DefaultListableBeanFactory     : Creating shared instance of singleton bean 'mvcValidator'
2023-10-24T20:03:42.821+07:00 DEBUG 2160 --- [           main] o.s.b.f.s.DefaultListableBeanFactory     : Autowiring by type from bean name 'requestMappingHandlerAdapter' via factory method to bean named 'mvcContentNegotiationManager'
2023-10-24T20:03:42.821+07:00 DEBUG 2160 --- [           main] o.s.b.f.s.DefaultListableBeanFactory     : Autowiring by type from bean name 'requestMappingHandlerAdapter' via factory method to bean named 'mvcConversionService'
2023-10-24T20:03:42.821+07:00 DEBUG 2160 --- [           main] o.s.b.f.s.DefaultListableBeanFactory     : Autowiring by type from bean name 'requestMappingHandlerAdapter' via factory method to bean named 'mvcValidator'
2023-10-24T20:03:42.829+07:00 DEBUG 2160 --- [           main] o.s.b.f.s.DefaultListableBeanFactory     : Creating shared instance of singleton bean 'messageConverters'
2023-10-24T20:03:42.829+07:00 DEBUG 2160 --- [           main] o.s.b.f.s.DefaultListableBeanFactory     : Creating shared instance of singleton bean 'org.springframework.boot.autoconfigure.http.HttpMessageConvertersAutoConfiguration'
2023-10-24T20:03:42.832+07:00 DEBUG 2160 --- [           main] o.s.b.f.s.DefaultListableBeanFactory     : Creating shared instance of singleton bean 'stringHttpMessageConverter'
2023-10-24T20:03:42.832+07:00 DEBUG 2160 --- [           main] o.s.b.f.s.DefaultListableBeanFactory     : Creating shared instance of singleton bean 'org.springframework.boot.autoconfigure.http.HttpMessageConvertersAutoConfiguration$StringHttpMessageConverterConfiguration'
[...]
      Did not match:
         - @ConditionalOnClass did not find required class 'org.springframework.security.saml2.provider.service.registration.RelyingPartyRegistrationRepository' (OnClassCondition)

   ScheduledTasksEndpointAutoConfiguration:
      Did not match:
         - @ConditionalOnAvailableEndpoint no 'management.endpoints' property marked it as exposed (OnAvailableEndpointCondition)

   SecurityDataConfiguration:
      Did not match:
         - @ConditionalOnClass did not find required class 'org.springframework.security.data.repository.query.SecurityEvaluationContextExtension' (OnClassCondition)

   SecurityRequestMatchersManagementContextConfiguration.JerseyRequestMatcherConfiguration:
      Did not match:
         - @ConditionalOnClass did not find required class 'org.glassfish.jersey.server.ResourceConfig' (OnClassCondition)

   SendGridAutoConfiguration:
      Did not match:
         - @ConditionalOnClass did not find required class 'com.sendgrid.SendGrid' (OnClassCondition)

   ServletEndpointManagementContextConfiguration.JerseyServletEndpointManagementContextConfiguration:
      Did not match:
         - @ConditionalOnClass did not find required class 'org.glassfish.jersey.server.ResourceConfig' (OnClassCondition)

   ServletManagementContextAutoConfiguration.ApplicationContextFilterConfiguration:
      Did not match:
         - @ConditionalOnProperty (management.server.add-application-context-header=true) did not find property 'add-application-context-header' (OnPropertyCondition)

   ServletWebServerFactoryAutoConfiguration.ForwardedHeaderFilterConfiguration:
      Did not match:
         - @ConditionalOnProperty (server.forward-headers-strategy=framework) did not find property 'server.forward-headers-strategy' (OnPropertyCondition)

   ServletWebServerFactoryConfiguration.EmbeddedJetty:
      Did not match:
         - @ConditionalOnClass did not find required classes 'org.eclipse.jetty.server.Server', 'org.eclipse.jetty.util.Loader', 'org.eclipse.jetty.webapp.WebAppContext' (OnClassCondition)

   ServletWebServerFactoryConfiguration.EmbeddedUndertow:
      Did not match:
         - @ConditionalOnClass did not find required classes 'io.undertow.Undertow', 'org.xnio.SslClientAuthMode' (OnClassCondition)

   SessionAutoConfiguration:
      Did not match:
         - @ConditionalOnClass did not find required class 'org.springframework.session.Session' (OnClassCondition)

   SessionsEndpointAutoConfiguration:
      Did not match:
         - @ConditionalOnClass did not find required class 'org.springframework.session.FindByIndexNameSessionRepository' (OnClassCondition)

   ShutdownEndpointAutoConfiguration:
      Did not match:
         - @ConditionalOnAvailableEndpoint no property management.endpoint.shutdown.enabled found so using endpoint default of false (OnAvailableEndpointCondition)

   SignalFxMetricsExportAutoConfiguration:
      Did not match:
         - @ConditionalOnClass did not find required class 'io.micrometer.signalfx.SignalFxMeterRegistry' (OnClassCondition)

   SpringApplicationAdminJmxAutoConfiguration:
      Did not match:
         - @ConditionalOnProperty (spring.application.admin.enabled=true) did not find property 'enabled' (OnPropertyCondition)

   SpringBootWebSecurityConfiguration.SecurityFilterChainConfiguration:
      Did not match:
         - AllNestedConditions 1 matched 1 did not; NestedCondition on DefaultWebSecurityCondition.Beans @ConditionalOnMissingBean (types: org.springframework.security.web.SecurityFilterChain; SearchStrategy: all) found beans of type 'org.springframework.security.web.SecurityFilterChain' securityFilterChain; NestedCondition on DefaultWebSecurityCondition.Classes @ConditionalOnClass found required classes 'org.springframework.security.web.SecurityFilterChain', 'org.springframework.security.config.annotation.web.builders.HttpSecurity' (DefaultWebSecurityCondition)

   SpringBootWebSecurityConfiguration.WebSecurityEnablerConfiguration:
      Did not match:
         - @ConditionalOnMissingBean (names: springSecurityFilterChain; SearchStrategy: all) found beans named springSecurityFilterChain (OnBeanCondition)
      Matched:
         - @ConditionalOnClass found required class 'org.springframework.security.config.annotation.web.configuration.EnableWebSecurity' (OnClassCondition)

   StackdriverMetricsExportAutoConfiguration:
      Did not match:
         - @ConditionalOnClass did not find required class 'io.micrometer.stackdriver.StackdriverMeterRegistry' (OnClassCondition)

   StartupEndpointAutoConfiguration:
      Did not match:
         - ApplicationStartup configured applicationStartup is of type class org.springframework.core.metrics.DefaultApplicationStartup, expected BufferingApplicationStartup. (StartupEndpointAutoConfiguration.ApplicationStartupCondition)

   StatsdMetricsExportAutoConfiguration:
      Did not match:
         - @ConditionalOnClass did not find required class 'io.micrometer.statsd.StatsdMeterRegistry' (OnClassCondition)

   TaskSchedulingAutoConfiguration#scheduledBeanLazyInitializationExcludeFilter:
      Did not match:
         - @ConditionalOnBean (names: org.springframework.context.annotation.internalScheduledAnnotationProcessor; SearchStrategy: all) did not find any beans named org.springframework.context.annotation.internalScheduledAnnotationProcessor (OnBeanCondition)

   TaskSchedulingAutoConfiguration#taskScheduler:
      Did not match:
         - @ConditionalOnBean (names: org.springframework.context.annotation.internalScheduledAnnotationProcessor; SearchStrategy: all) did not find any beans named org.springframework.context.annotation.internalScheduledAnnotationProcessor (OnBeanCondition)

   TemplateEngineConfigurations.ReactiveTemplateEngineConfiguration:
      Did not match:
         - did not find reactive web application classes (OnWebApplicationCondition)

   ThreadDumpEndpointAutoConfiguration:
      Did not match:
         - @ConditionalOnAvailableEndpoint no 'management.endpoints' property marked it as exposed (OnAvailableEndpointCondition)

   ThymeleafAutoConfiguration.DataAttributeDialectConfiguration:
      Did not match:
         - @ConditionalOnClass did not find required class 'com.github.mxab.thymeleaf.extras.dataattribute.dialect.DataAttributeDialect' (OnClassCondition)

   ThymeleafAutoConfiguration.ThymeleafWebFluxConfiguration:
      Did not match:
         - did not find reactive web application classes (OnWebApplicationCondition)

   ThymeleafAutoConfiguration.ThymeleafWebLayoutConfiguration:
      Did not match:
         - @ConditionalOnClass did not find required class 'nz.net.ultraq.thymeleaf.layoutdialect.LayoutDialect' (OnClassCondition)

   ThymeleafAutoConfiguration.ThymeleafWebMvcConfiguration#resourceUrlEncodingFilter:
      Did not match:
         - @ConditionalOnEnabledResourceChain did not find class org.webjars.WebJarAssetLocator (OnEnabledResourceChainCondition)

   TransactionAutoConfiguration#transactionalOperator:
      Did not match:
         - @ConditionalOnSingleCandidate (types: org.springframework.transaction.ReactiveTransactionManager; SearchStrategy: all) did not find any beans (OnBeanCondition)

   TransactionAutoConfiguration.EnableTransactionManagementConfiguration.JdkDynamicAutoProxyConfiguration:
      Did not match:
         - @ConditionalOnProperty (spring.aop.proxy-target-class=false) did not find property 'proxy-target-class' (OnPropertyCondition)

   UserDetailsServiceAutoConfiguration:
      Did not match:
         - @ConditionalOnMissingBean (types: org.springframework.security.authentication.AuthenticationManager,org.springframework.security.authentication.AuthenticationProvider,org.springframework.security.core.userdetails.UserDetailsService,org.springframework.security.authentication.AuthenticationManagerResolver,org.springframework.security.oauth2.jwt.JwtDecoder,org.springframework.security.oauth2.server.resource.introspection.OpaqueTokenIntrospector,org.springframework.security.oauth2.client.registration.ClientRegistrationRepository,org.springframework.security.saml2.provider.service.registration.RelyingPartyRegistrationRepository; SearchStrategy: all) found beans of type 'org.springframework.security.core.userdetails.UserDetailsService' customUserDetailsService (OnBeanCondition)
      Matched:
         - @ConditionalOnClass found required class 'org.springframework.security.authentication.AuthenticationManager' (OnClassCondition)

   WavefrontAutoConfiguration:
      Did not match:
         - @ConditionalOnClass did not find required class 'com.wavefront.sdk.common.application.ApplicationTags' (OnClassCondition)

   WavefrontMetricsExportAutoConfiguration:
      Did not match:
         - @ConditionalOnClass did not find required class 'com.wavefront.sdk.common.WavefrontSender' (OnClassCondition)

   WavefrontTracingAutoConfiguration:
      Did not match:
         - @ConditionalOnClass did not find required class 'com.wavefront.sdk.common.WavefrontSender' (OnClassCondition)

   WebClientAutoConfiguration:
      Did not match:
         - @ConditionalOnClass did not find required class 'org.springframework.web.reactive.function.client.WebClient' (OnClassCondition)

   WebClientObservationConfiguration:
      Did not match:
         - @ConditionalOnClass did not find required class 'org.springframework.web.reactive.function.client.WebClient' (OnClassCondition)

   WebFluxAutoConfiguration:
      Did not match:
         - @ConditionalOnClass did not find required class 'org.springframework.web.reactive.config.WebFluxConfigurer' (OnClassCondition)

   WebFluxEndpointManagementContextConfiguration:
      Did not match:
         - @ConditionalOnClass did not find required class 'org.springframework.web.reactive.DispatcherHandler' (OnClassCondition)

   WebFluxObservationAutoConfiguration:
      Did not match:
         - @ConditionalOnWebApplication did not find reactive web application classes (OnWebApplicationCondition)

   WebMvcAutoConfiguration#hiddenHttpMethodFilter:
      Did not match:
         - @ConditionalOnProperty (spring.mvc.hiddenmethod.filter.enabled) did not find property 'enabled' (OnPropertyCondition)

   WebMvcAutoConfiguration.ProblemDetailsErrorHandlingConfiguration:
      Did not match:
         - @ConditionalOnProperty (spring.mvc.problemdetails.enabled=true) did not find property 'enabled' (OnPropertyCondition)

   WebMvcAutoConfiguration.ResourceChainCustomizerConfiguration:
      Did not match:
         - @ConditionalOnEnabledResourceChain did not find class org.webjars.WebJarAssetLocator (OnEnabledResourceChainCondition)

   WebMvcAutoConfiguration.WebMvcAutoConfigurationAdapter#beanNameViewResolver:
      Did not match:
         - @ConditionalOnMissingBean (types: org.springframework.web.servlet.view.BeanNameViewResolver; SearchStrategy: all) found beans of type 'org.springframework.web.servlet.view.BeanNameViewResolver' beanNameViewResolver (OnBeanCondition)

   WebMvcEndpointManagementContextConfiguration#managementHealthEndpointWebMvcHandlerMapping:
      Did not match:
         - Management Port actual port type (SAME) did not match required type (DIFFERENT) (OnManagementPortCondition)

   WebServiceTemplateAutoConfiguration:
      Did not match:
         - @ConditionalOnClass did not find required class 'org.springframework.oxm.Marshaller' (OnClassCondition)

   WebServicesAutoConfiguration:
      Did not match:
         - @ConditionalOnClass did not find required class 'org.springframework.ws.transport.http.MessageDispatcherServlet' (OnClassCondition)

   WebSessionIdResolverAutoConfiguration:
      Did not match:
         - @ConditionalOnClass did not find required class 'reactor.core.publisher.Mono' (OnClassCondition)

   WebSocketMessagingAutoConfiguration:
      Did not match:
         - @ConditionalOnClass did not find required class 'org.springframework.web.socket.config.annotation.WebSocketMessageBrokerConfigurer' (OnClassCondition)

   WebSocketReactiveAutoConfiguration:
      Did not match:
         - @ConditionalOnWebApplication did not find reactive web application classes (OnWebApplicationCondition)

   WebSocketServletAutoConfiguration.JettyWebSocketConfiguration:
      Did not match:
         - @ConditionalOnClass did not find required class 'org.eclipse.jetty.websocket.jakarta.server.config.JakartaWebSocketServletContainerInitializer' (OnClassCondition)

   WebSocketServletAutoConfiguration.UndertowWebSocketConfiguration:
      Did not match:
         - @ConditionalOnClass did not find required class 'io.undertow.websockets.jsr.Bootstrap' (OnClassCondition)

   XADataSourceAutoConfiguration:
      Did not match:
         - @ConditionalOnBean (types: org.springframework.boot.jdbc.XADataSourceWrapper; SearchStrategy: all) did not find any beans of type org.springframework.boot.jdbc.XADataSourceWrapper (OnBeanCondition)
      Matched:
         - @ConditionalOnClass found required classes 'javax.sql.DataSource', 'jakarta.transaction.TransactionManager', 'org.springframework.jdbc.datasource.embedded.EmbeddedDatabaseType' (OnClassCondition)

   ZipkinAutoConfiguration:
      Did not match:
         - @ConditionalOnClass did not find required class 'zipkin2.reporter.Sender' (OnClassCondition)


Exclusions:
-----------

    None


Unconditional classes:
----------------------

    org.springframework.boot.autoconfigure.context.ConfigurationPropertiesAutoConfiguration

    org.springframework.boot.actuate.autoconfigure.availability.AvailabilityHealthContributorAutoConfiguration

    org.springframework.boot.autoconfigure.ssl.SslAutoConfiguration

    org.springframework.boot.actuate.autoconfigure.info.InfoContributorAutoConfiguration

    org.springframework.boot.autoconfigure.context.PropertyPlaceholderAutoConfiguration

    org.springframework.boot.autoconfigure.context.LifecycleAutoConfiguration

    org.springframework.boot.actuate.autoconfigure.metrics.integration.IntegrationMetricsAutoConfiguration

    org.springframework.boot.actuate.autoconfigure.endpoint.EndpointAutoConfiguration

    org.springframework.boot.actuate.autoconfigure.web.server.ManagementContextAutoConfiguration

    org.springframework.boot.actuate.autoconfigure.health.HealthContributorAutoConfiguration

    org.springframework.boot.actuate.autoconfigure.endpoint.jackson.JacksonEndpointAutoConfiguration

    org.springframework.boot.autoconfigure.availability.ApplicationAvailabilityAutoConfiguration

    org.springframework.boot.autoconfigure.info.ProjectInfoAutoConfiguration



2023-10-24T20:03:43.490+07:00  INFO 2160 --- [           main] c.k.ecommerce.EcommerceApplicationTests  : Started EcommerceApplicationTests in 6.593 seconds (process running for 8.014)
2023-10-24T20:03:43.537+07:00 DEBUG 2160 --- [           main] o.s.b.a.ApplicationAvailabilityBean      : Application availability state LivenessState changed to CORRECT
2023-10-24T20:03:43.537+07:00 DEBUG 2160 --- [           main] o.s.boot.devtools.restart.Restarter      : Creating new Restarter for thread Thread[main,5,main]
2023-10-24T20:03:43.552+07:00 DEBUG 2160 --- [           main] o.s.b.a.ApplicationAvailabilityBean      : Application availability state ReadinessState changed to ACCEPTING_TRAFFIC
2023-10-24T20:03:43.552+07:00 DEBUG 2160 --- [           main] org.springframework.test.context.cache   : Spring test ApplicationContext cache statistics: [DefaultContextCache@641001c2 size = 1, maxSize = 32, parentContextCount = 0, hitCount = 0, missCount = 1]
2023-10-24T20:03:43.552+07:00 DEBUG 2160 --- [           main] o.s.t.c.w.ServletTestExecutionListener   : Setting up MockHttpServletRequest, MockHttpServletResponse, ServletWebRequest, and RequestContextHolder for test class com.kel5.ecommerce.EcommerceApplicationTests
2023-10-24T20:03:43.552+07:00 DEBUG 2160 --- [           main] DependencyInjectionTestExecutionListener : Performing dependency injection for test class com.kel5.ecommerce.EcommerceApplicationTests
2023-10-24T20:03:43.552+07:00 DEBUG 2160 --- [           main] org.springframework.test.context.cache   : Spring test ApplicationContext cache statistics: [DefaultContextCache@641001c2 size = 1, maxSize = 32, parentContextCount = 0, hitCount = 1, missCount = 1]
2023-10-24T20:03:43.552+07:00 DEBUG 2160 --- [           main] org.springframework.test.context.cache   : Spring test ApplicationContext cache statistics: [DefaultContextCache@641001c2 size = 1, maxSize = 32, parentContextCount = 0, hitCount = 2, missCount = 1]
2023-10-24T20:03:43.575+07:00 DEBUG 2160 --- [           main] sContextBeforeModesTestExecutionListener : Before test method: class [EcommerceApplicationTests], method [contextLoads], class annotated with @DirtiesContext [false] with mode [null], method annotated with @DirtiesContext [false] with mode [null]
2023-10-24T20:03:43.579+07:00 DEBUG 2160 --- [           main] org.springframework.test.context.cache   : Spring test ApplicationContext cache statistics: [DefaultContextCache@641001c2 size = 1, maxSize = 32, parentContextCount = 0, hitCount = 3, missCount = 1]
2023-10-24T20:03:43.579+07:00 DEBUG 2160 --- [           main] org.springframework.test.context.cache   : Spring test ApplicationContext cache statistics: [DefaultContextCache@641001c2 size = 1, maxSize = 32, parentContextCount = 0, hitCount = 4, missCount = 1]
2023-10-24T20:03:44.067+07:00 DEBUG 2160 --- [           main] org.springframework.test.context.cache   : Spring test ApplicationContext cache statistics: [DefaultContextCache@641001c2 size = 1, maxSize = 32, parentContextCount = 0, hitCount = 5, missCount = 1]
2023-10-24T20:03:44.072+07:00 DEBUG 2160 --- [           main] org.springframework.test.context.cache   : Spring test ApplicationContext cache statistics: [DefaultContextCache@641001c2 size = 1, maxSize = 32, parentContextCount = 0, hitCount = 6, missCount = 1]
2023-10-24T20:03:44.073+07:00 DEBUG 2160 --- [           main] org.springframework.test.context.cache   : Spring test ApplicationContext cache statistics: [DefaultContextCache@641001c2 size = 1, maxSize = 32, parentContextCount = 0, hitCount = 7, missCount = 1]
2023-10-24T20:03:44.073+07:00 DEBUG 2160 --- [           main] org.springframework.test.context.cache   : Spring test ApplicationContext cache statistics: [DefaultContextCache@641001c2 size = 1, maxSize = 32, parentContextCount = 0, hitCount = 8, missCount = 1]
2023-10-24T20:03:44.073+07:00 DEBUG 2160 --- [           main] org.springframework.test.context.cache   : Spring test ApplicationContext cache statistics: [DefaultContextCache@641001c2 size = 1, maxSize = 32, parentContextCount = 0, hitCount = 9, missCount = 1]
2023-10-24T20:03:44.074+07:00 DEBUG 2160 --- [           main] org.springframework.test.context.cache   : Spring test ApplicationContext cache statistics: [DefaultContextCache@641001c2 size = 1, maxSize = 32, parentContextCount = 0, hitCount = 10, missCount = 1]
2023-10-24T20:03:44.076+07:00 DEBUG 2160 --- [           main] org.springframework.test.context.cache   : Spring test ApplicationContext cache statistics: [DefaultContextCache@641001c2 size = 1, maxSize = 32, parentContextCount = 0, hitCount = 11, missCount = 1]
2023-10-24T20:03:44.076+07:00 DEBUG 2160 --- [           main] org.springframework.test.context.cache   : Spring test ApplicationContext cache statistics: [DefaultContextCache@641001c2 size = 1, maxSize = 32, parentContextCount = 0, hitCount = 12, missCount = 1]
2023-10-24T20:03:44.077+07:00 DEBUG 2160 --- [           main] .c.s.DirtiesContextTestExecutionListener : After test method: class [EcommerceApplicationTests], method [contextLoads], class annotated with @DirtiesContext [false] with mode [null], method annotated with @DirtiesContext [false] with mode [null]
2023-10-24T20:03:44.077+07:00 DEBUG 2160 --- [           main] o.s.t.c.w.ServletTestExecutionListener   : Resetting RequestContextHolder for test class com.kel5.ecommerce.EcommerceApplicationTests
]]></system-out>
  </testcase>
</testsuite>